00:36:36.896 [main                     ] DEBUG Logger               - Configured Logger
00:36:36.916 [main                     ] DEBUG GameApplication      - Logging settings
Title: Restaurant simulator
Version: 0.0
Width: 1600
Height: 1600
Fullscreen: false
Intro: false
Profiling: false
Single step:false
App Mode: DEVELOPER
Menu Key: ESCAPE
Stage Style: DECORATED
Scene Factory: class com.almasb.fxgl.app.scene.SceneFactory

00:36:37.285 [JavaFX Application Thread] DEBUG FXGLApplication      - Initializing FXGL
00:36:37.290 [JavaFX Application Thread] INFO  Engine               - FXGL-17 (31.12.2021 18.16) on WINDOWS (J:17.0.12 FX:17.0.0.1)
00:36:37.290 [JavaFX Application Thread] DEBUG Engine               - JRE Vendor Name: Oracle Corporation
00:36:37.290 [JavaFX Application Thread] DEBUG Engine               - Running on OS: Windows 11 version 10.0
00:36:37.290 [JavaFX Application Thread] DEBUG Engine               - Architecture: amd64
00:36:37.290 [JavaFX Application Thread] INFO  Engine               - Source code and latest versions at: https://github.com/AlmasB/FXGL
00:36:37.290 [JavaFX Application Thread] INFO  Engine               -       Ask questions and discuss at: https://github.com/AlmasB/FXGL/discussions
00:36:37.290 [JavaFX Application Thread] INFO  Engine               -              Join the FXGL chat at: https://gitter.im/AlmasB/FXGL
00:36:37.380 [JavaFX Application Thread] DEBUG PrimaryStageWindow   - Creating a JavaFX scene
00:36:37.380 [JavaFX Application Thread] DEBUG PrimaryStageWindow   - Target size > screen size
00:36:37.415 [JavaFX Application Thread] DEBUG PrimaryStageWindow   - Target settings size: 1600.0 x 1600.0
00:36:37.416 [JavaFX Application Thread] DEBUG PrimaryStageWindow   - Scaled scene size:    1007.0 x 1032.0
00:36:37.416 [JavaFX Application Thread] DEBUG PrimaryStageWindow   - Scaled ratio: (0.629375, 0.645)
00:36:37.417 [JavaFX Application Thread] DEBUG PrimaryStageWindow   - Set initial scene to FXGLStartupScene
00:36:37.423 [JavaFX Application Thread] DEBUG PrimaryStageWindow   - Opening main window
00:36:37.489 [JavaFX Application Thread] DEBUG PrimaryStageWindow   - Window border size: (16.0, 39.0)
00:36:37.489 [JavaFX Application Thread] DEBUG PrimaryStageWindow   - Scaled size: 1007.0 x 1032.0
00:36:37.490 [JavaFX Application Thread] DEBUG PrimaryStageWindow   - Scaled ratio: (0.629375, 0.629375)
00:36:37.490 [JavaFX Application Thread] DEBUG PrimaryStageWindow   - Scene size: 1007.0 x 1032.0
00:36:37.490 [JavaFX Application Thread] DEBUG PrimaryStageWindow   - Stage size: 1023.0 x 1071.0
00:36:37.496 [FXGL Background Thread 1 ] DEBUG Engine               - Initializing environment variables
00:36:37.523 [FXGL Background Thread 1 ] DEBUG FXGLAssetLoaderServi - User app class for loading assets: class game.RestaurantSimulate
00:36:37.524 [FXGL Background Thread 1 ] DEBUG GameApplicationServi - Applying CSS: fxgl_dark.css
00:36:37.524 [FXGL Background Thread 1 ] DEBUG FXGLAssetLoaderServi - Loading from file system: jar:file:/C:/Users/aryma/.m2/repository/com/github/almasb/fxgl/17/fxgl-17.jar!/fxglassets/ui/css/fxgl_dark.css
00:36:37.553 [FXGL Background Thread 1 ] DEBUG GameApplicationServi - Initializing application scenes
00:36:37.586 [FXGL Background Thread 1 ] DEBUG GameWorld            - Game world initialized
00:36:37.629 [FXGL Background Thread 1 ] DEBUG PhysicsWorld         - Physics world initialized: appHeight=1600, physics.ppm=50.0
00:36:37.629 [FXGL Background Thread 1 ] DEBUG PhysicsWorld         - Using strategy: BRUTE_FORCE
00:36:37.633 [FXGL Background Thread 1 ] DEBUG GameScene            - Game scene initialized: 1600x1600
00:36:37.645 [FXGL Background Thread 1 ] DEBUG FXGL.DefaultMenu     - createMenuBodyMainMenu()
00:36:37.661 [FXGL Background Thread 1 ] DEBUG FXGL.DefaultMenu     - createOptionsMenu()
00:36:37.669 [FXGL Background Thread 1 ] DEBUG FXGLAssetLoaderServi - Loading from file system: jar:file:/C:/Users/aryma/.m2/repository/com/github/almasb/fxgl/17/fxgl-17.jar!/fxglassets/textures/particles/smoke.png
00:36:37.749 [FXGL Background Thread 1 ] DEBUG FXGLAssetLoaderServi - Loading from file system: jar:file:/C:/Users/aryma/.m2/repository/com/github/almasb/fxgl/17/fxgl-17.jar!/fxglassets/textures/particles/trace_horizontal.png
00:36:37.772 [FXGL Background Thread 1 ] DEBUG FXGL.DefaultMenu     - createMenuBodyGameMenu()
00:36:37.773 [FXGL Background Thread 1 ] DEBUG FXGL.DefaultMenu     - createOptionsMenu()
00:36:37.783 [FXGL Background Thread 1 ] DEBUG GameApplicationServi - Application scenes initialized
00:36:37.794 [FXGL Background Thread 1 ] DEBUG SystemBundleService  - Loading FXGL system data
00:36:37.798 [FXGL Background Thread 1 ] DEBUG FileSystemAccess     - Reading from: C:\Users\aryma\OneDrive\Escritorio\Simulador_restaurante-master\system\fxgl.bundle
00:36:37.803 [FXGL Background Thread 1 ] DEBUG SystemBundleService  - Bundle FXGL: {}
00:36:37.803 [FXGL Background Thread 1 ] DEBUG UpdaterService       - Checking for updates
00:36:37.806 [FXGL Background Thread 4 ] DEBUG FXGLApplication      - Loading fonts
00:36:37.806 [FXGL Background Thread 4 ] DEBUG FXGLAssetLoaderServi - Loading from file system: jar:file:/C:/Users/aryma/.m2/repository/com/github/almasb/fxgl/17/fxgl-17.jar!/fxglassets/ui/fonts/VarelaRound-Regular.ttf
00:36:37.807 [FXGL Background Thread 1 ] DEBUG FXGLApplication      - Loading default localization
00:36:37.807 [FXGL Background Thread 1 ] DEBUG FXGLAssetLoaderServi - Loading from file system: jar:file:/C:/Users/aryma/.m2/repository/com/github/almasb/fxgl/17/fxgl-17.jar!/fxglassets/languages/english.lang
00:36:37.838 [FXGL Background Thread 1 ] INFO  FXGLApplication      - FXGL initialization took: 0.341 sec
00:36:37.839 [JavaFX Application Thread] DEBUG FXGLAssetLoaderServi - Loading from file system: jar:file:/C:/Users/aryma/.m2/repository/com/github/almasb/fxgl/17/fxgl-17.jar!/fxglassets/textures/fxgl_icon.png
00:36:37.850 [FXGL Background Thread 4 ] DEBUG FXGLAssetLoaderServi - Loading from file system: jar:file:/C:/Users/aryma/.m2/repository/com/github/almasb/fxgl/17/fxgl-17.jar!/fxglassets/ui/fonts/Abel-Regular.ttf
00:36:37.853 [FXGL Background Thread 4 ] DEBUG FXGLAssetLoaderServi - Loading from file system: jar:file:/C:/Users/aryma/.m2/repository/com/github/almasb/fxgl/17/fxgl-17.jar!/fxglassets/ui/fonts/TerminalLandMono-Regular.otf
00:36:37.858 [FXGL Background Thread 4 ] DEBUG FXGLAssetLoaderServi - Loading from file system: jar:file:/C:/Users/aryma/.m2/repository/com/github/almasb/fxgl/17/fxgl-17.jar!/fxglassets/ui/fonts/Courier-Prime.ttf
00:36:37.858 [JavaFX Application Thread] DEBUG FXGLAssetLoaderServi - Loading from file system: jar:file:/C:/Users/aryma/.m2/repository/com/github/almasb/fxgl/17/fxgl-17.jar!/fxglassets/textures/fxgl_default_cursor.png
00:36:37.878 [JavaFX Application Thread] DEBUG Input                - Registered new binding: Screenshot - CTRL+8
00:36:37.879 [JavaFX Application Thread] DEBUG Input                - Registered new binding: System info dump - CTRL+9
00:36:37.880 [JavaFX Application Thread] DEBUG Input                - Registered new binding: Restart - CTRL+R
00:36:37.882 [JavaFX Application Thread] DEBUG Input                - Registered new binding: Toggle Debug Camera - CTRL+7
00:36:37.885 [JavaFX Application Thread] DEBUG LoopRunner           - Starting loop
00:36:37.885 [JavaFX Application Thread] DEBUG LoopRunner           - Initializing JavaFX AnimationTimerLoop
00:36:37.890 [JavaFX Application Thread] DEBUG Input                - Clearing active input actions
00:36:37.894 [JavaFX Application Thread] DEBUG GameApplicationServi - Removing overlay from FXGLStartupScene and adding to FXGLMainMenuDummyScene
00:36:37.894 [JavaFX Application Thread] DEBUG PrimaryStageWindow   - FXGLStartupScene -> FXGLMainMenuDummyScene
00:36:37.894 [JavaFX Application Thread] DEBUG PrimaryStageWindow   - Push state: FXGLDefaultMenu
00:36:37.911 [JavaFX Application Thread] DEBUG Input                - Clearing active input actions
00:36:37.929 [JavaFX Application Thread] DEBUG GameApplicationServi - Removing overlay from FXGLMainMenuDummyScene and adding to FXGLDefaultMenu
00:36:37.930 [JavaFX Application Thread] DEBUG PrimaryStageWindow   - FXGLMainMenuDummyScene -> FXGLDefaultMenu
00:36:37.942 [JavaFX Application Thread] DEBUG FXGLApplication      - Registering font factories with UI factory
00:36:38.319 [FXGL Background Thread 2 ] INFO  UpdaterService       - Your current version:  17
00:36:38.319 [FXGL Background Thread 2 ] INFO  UpdaterService       - Latest stable version: 21.1
00:36:39.045 [JavaFX Application Thread] DEBUG Menu                 - fireNewGame()
00:36:39.045 [JavaFX Application Thread] DEBUG GameApplicationServi - Starting new game
00:36:39.047 [JavaFX Application Thread] DEBUG PrimaryStageWindow   - Pop state: FXGLDefaultMenu
00:36:39.047 [JavaFX Application Thread] DEBUG Input                - Clearing active input actions
00:36:39.049 [JavaFX Application Thread] DEBUG GameApplicationServi - Removing overlay from FXGLDefaultMenu and adding to FXGLMainMenuDummyScene
00:36:39.049 [JavaFX Application Thread] DEBUG PrimaryStageWindow   - FXGLMainMenuDummyScene <- FXGLDefaultMenu
00:36:39.049 [JavaFX Application Thread] DEBUG Input                - Clearing active input actions
00:36:39.055 [JavaFX Application Thread] DEBUG GameApplicationServi - Removing overlay from FXGLMainMenuDummyScene and adding to FXGLLoadingScene
00:36:39.055 [JavaFX Application Thread] DEBUG PrimaryStageWindow   - FXGLMainMenuDummyScene -> FXGLLoadingScene
00:36:39.055 [JavaFX Application Thread] DEBUG GameApplicationServi - Clearing previous game
00:36:39.055 [JavaFX Application Thread] DEBUG GameScene            - Clearing game scene
00:36:39.056 [JavaFX Application Thread] DEBUG GameWorld            - Clearing game world
00:36:39.056 [JavaFX Application Thread] DEBUG PhysicsWorld         - Clearing physics world
00:36:39.058 [FXGL Background Thread 2 ] DEBUG FXGLApplication      - Initializing game
00:36:39.060 [FXGL Background Thread 2 ] DEBUG FXGLAssetLoaderServi - Loading from file system: file:/C:/Users/aryma/OneDrive/Escritorio/Simulador_restaurante-master/target/classes/assets/textures/restaurant.png
00:36:39.116 [FXGL Background Thread 2 ] INFO  FXGLApplication      - Game initialization took: 0.057 sec
00:36:39.119 [JavaFX Application Thread] DEBUG Input                - Clearing active input actions
00:36:39.124 [JavaFX Application Thread] DEBUG GameApplicationServi - Removing overlay from FXGLLoadingScene and adding to GameScene
00:36:39.125 [JavaFX Application Thread] DEBUG PrimaryStageWindow   - FXGLLoadingScene -> GameScene
00:36:39.228 [JavaFX Application Thread] DEBUG FXGLAssetLoaderServi - Loading from file system: file:/C:/Users/aryma/OneDrive/Escritorio/Simulador_restaurante-master/target/classes/assets/textures/player.png
00:36:39.231 [JavaFX Application Thread] WARN  GameWorld            - Entity is already attached to world
00:36:39.234 [JavaFX Application Thread] WARN  GameWorld            - Entity is already attached to world
00:36:39.307 [JavaFX Application Thread] WARN  GameWorld            - Entity is already attached to world
00:36:39.310 [JavaFX Application Thread] WARN  GameWorld            - Entity is already attached to world
00:36:39.434 [JavaFX Application Thread] WARN  GameWorld            - Entity is already attached to world
00:36:39.450 [JavaFX Application Thread] WARN  GameWorld            - Entity is already attached to world
00:36:39.499 [JavaFX Application Thread] WARN  GameWorld            - Entity is already attached to world
00:36:39.515 [JavaFX Application Thread] WARN  GameWorld            - Entity is already attached to world
00:36:39.516 [JavaFX Application Thread] WARN  GameWorld            - Entity is already attached to world
00:36:39.578 [JavaFX Application Thread] WARN  GameWorld            - Entity is already attached to world
00:36:39.579 [JavaFX Application Thread] WARN  GameWorld            - Entity is already attached to world
00:36:39.707 [JavaFX Application Thread] WARN  GameWorld            - Entity is already attached to world
00:36:39.708 [JavaFX Application Thread] WARN  GameWorld            - Entity is already attached to world
00:36:39.979 [JavaFX Application Thread] WARN  GameWorld            - Entity is already attached to world
00:36:40.091 [JavaFX Application Thread] WARN  GameWorld            - Entity is already attached to world
00:36:40.267 [JavaFX Application Thread] WARN  GameWorld            - Entity is already attached to world
00:36:40.269 [JavaFX Application Thread] WARN  GameWorld            - Entity is already attached to world
00:36:40.650 [JavaFX Application Thread] WARN  GameWorld            - Entity is already attached to world
00:36:40.652 [JavaFX Application Thread] WARN  GameWorld            - Entity is already attached to world
00:36:40.747 [JavaFX Application Thread] WARN  GameWorld            - Entity is already attached to world
00:36:40.805 [FXGL Background Thread 3 ] DEBUG Engine               - Logging environment variables
00:36:40.805 [FXGL Background Thread 3 ] DEBUG Engine               - achievements: []
00:36:40.806 [FXGL Background Thread 3 ] DEBUG Engine               - actualHeight: 1032.0
00:36:40.806 [FXGL Background Thread 3 ] DEBUG Engine               - actualHeightProperty: ReadOnlyDoubleProperty [value: 1032.0]
00:36:40.806 [FXGL Background Thread 3 ] DEBUG Engine               - actualWidth: 1007.0
00:36:40.806 [FXGL Background Thread 3 ] DEBUG Engine               - actualWidthProperty: ReadOnlyDoubleProperty [value: 1007.0]
00:36:40.806 [FXGL Background Thread 3 ] DEBUG Engine               - appIcon: fxgl_icon.png
00:36:40.806 [FXGL Background Thread 3 ] DEBUG Engine               - applicationMode: DEVELOPER
00:36:40.806 [FXGL Background Thread 3 ] DEBUG Engine               - cSSList: [fxgl_dark.css]
00:36:40.806 [FXGL Background Thread 3 ] DEBUG Engine               - collisionDetectionStrategy: BRUTE_FORCE
00:36:40.806 [FXGL Background Thread 3 ] DEBUG Engine               - configClass: Optional.empty
00:36:40.806 [FXGL Background Thread 3 ] DEBUG Engine               - credits: []
00:36:40.806 [FXGL Background Thread 3 ] DEBUG Engine               - defaultCursor: CursorInfo(imageName=fxgl_default_cursor.png, hotspotX=7.0, hotspotY=6.0)
00:36:40.806 [FXGL Background Thread 3 ] DEBUG Engine               - devBBoxColorProperty: ObjectProperty [value: 0xff0000ff]
00:36:40.806 [FXGL Background Thread 3 ] DEBUG Engine               - devEnableDebugCameraProperty: BooleanProperty [value: false]
00:36:40.806 [FXGL Background Thread 3 ] DEBUG Engine               - devSensorColorProperty: ObjectProperty [value: 0xffff00ff]
00:36:40.806 [FXGL Background Thread 3 ] DEBUG Engine               - devShowBBoxProperty: BooleanProperty [value: false]
00:36:40.806 [FXGL Background Thread 3 ] DEBUG Engine               - devShowPositionProperty: BooleanProperty [value: false]
00:36:40.806 [FXGL Background Thread 3 ] DEBUG Engine               - enabledMenuItems: []
00:36:40.806 [FXGL Background Thread 3 ] DEBUG Engine               - engineServices: [class com.almasb.fxgl.app.services.FXGLAssetLoaderService, class com.almasb.fxgl.app.FXGLApplication$GameApplicationService, class com.almasb.fxgl.app.services.FXGLDialogService, class com.almasb.fxgl.app.services.IOTaskExecutorService, class com.almasb.fxgl.io.FileSystemService, class com.almasb.fxgl.localization.LocalizationService, class com.almasb.fxgl.app.services.SystemBundleService, class com.almasb.fxgl.profile.SaveLoadService, class com.almasb.fxgl.ui.FXGLUIFactoryServiceProvider, class com.almasb.fxgl.ui.FXGLDialogFactoryServiceProvider, class com.almasb.fxgl.audio.AudioPlayer, class com.almasb.fxgl.notification.impl.NotificationServiceProvider, class com.almasb.fxgl.achievement.AchievementService, class com.almasb.fxgl.cutscene.CutsceneService, class com.almasb.fxgl.minigames.MiniGameService, class com.almasb.fxgl.net.NetService, class com.almasb.fxgl.app.services.UpdaterService, class com.almasb.fxgl.dev.DevService]
00:36:40.807 [FXGL Background Thread 3 ] DEBUG Engine               - fontGame: Abel-Regular.ttf
00:36:40.807 [FXGL Background Thread 3 ] DEBUG Engine               - fontMono: TerminalLandMono-Regular.otf
00:36:40.807 [FXGL Background Thread 3 ] DEBUG Engine               - fontText: Courier-Prime.ttf
00:36:40.807 [FXGL Background Thread 3 ] DEBUG Engine               - fontUI: VarelaRound-Regular.ttf
00:36:40.807 [FXGL Background Thread 3 ] DEBUG Engine               - fullScreen: BooleanProperty [value: false]
00:36:40.807 [FXGL Background Thread 3 ] DEBUG Engine               - gameDifficulty: MEDIUM
00:36:40.807 [FXGL Background Thread 3 ] DEBUG Engine               - gameDifficultyProperty: ObjectProperty [value: MEDIUM]
00:36:40.807 [FXGL Background Thread 3 ] DEBUG Engine               - globalMusicVolume: 0.5
00:36:40.807 [FXGL Background Thread 3 ] DEBUG Engine               - globalMusicVolumeProperty: DoubleProperty [value: 0.5]
00:36:40.807 [FXGL Background Thread 3 ] DEBUG Engine               - globalSoundVolume: 0.5
00:36:40.807 [FXGL Background Thread 3 ] DEBUG Engine               - globalSoundVolumeProperty: DoubleProperty [value: 0.5]
00:36:40.807 [FXGL Background Thread 3 ] DEBUG Engine               - height: 1600
00:36:40.807 [FXGL Background Thread 3 ] DEBUG Engine               - is3D: false
00:36:40.807 [FXGL Background Thread 3 ] DEBUG Engine               - isAndroid: false
00:36:40.807 [FXGL Background Thread 3 ] DEBUG Engine               - isBrowser: false
00:36:40.807 [FXGL Background Thread 3 ] DEBUG Engine               - isClickFeedbackEnabled: false
00:36:40.807 [FXGL Background Thread 3 ] DEBUG Engine               - isCloseConfirmation: false
00:36:40.807 [FXGL Background Thread 3 ] DEBUG Engine               - isDesktop: true
00:36:40.807 [FXGL Background Thread 3 ] DEBUG Engine               - isDeveloperMenuEnabled: false
00:36:40.807 [FXGL Background Thread 3 ] DEBUG Engine               - isEmbedded: false
00:36:40.807 [FXGL Background Thread 3 ] DEBUG Engine               - isEntityPreloadEnabled: true
00:36:40.807 [FXGL Background Thread 3 ] DEBUG Engine               - isExperimentalTiledLargeMap: false
00:36:40.807 [FXGL Background Thread 3 ] DEBUG Engine               - isFileSystemWriteAllowed: true
00:36:40.807 [FXGL Background Thread 3 ] DEBUG Engine               - isFullScreenAllowed: false
00:36:40.807 [FXGL Background Thread 3 ] DEBUG Engine               - isFullScreenFromStart: false
00:36:40.807 [FXGL Background Thread 3 ] DEBUG Engine               - isGameMenuEnabled: true
00:36:40.807 [FXGL Background Thread 3 ] DEBUG Engine               - isIOS: false
00:36:40.807 [FXGL Background Thread 3 ] DEBUG Engine               - isIntroEnabled: false
00:36:40.807 [FXGL Background Thread 3 ] DEBUG Engine               - isLinux: false
00:36:40.807 [FXGL Background Thread 3 ] DEBUG Engine               - isMac: false
00:36:40.808 [FXGL Background Thread 3 ] DEBUG Engine               - isMainMenuEnabled: true
00:36:40.808 [FXGL Background Thread 3 ] DEBUG Engine               - isManualResizeEnabled: true
00:36:40.808 [FXGL Background Thread 3 ] DEBUG Engine               - isMobile: false
00:36:40.808 [FXGL Background Thread 3 ] DEBUG Engine               - isNative: false
00:36:40.808 [FXGL Background Thread 3 ] DEBUG Engine               - isPauseMusicWhenMinimized: true
00:36:40.808 [FXGL Background Thread 3 ] DEBUG Engine               - isPreserveResizeRatio: true
00:36:40.808 [FXGL Background Thread 3 ] DEBUG Engine               - isProfilingEnabled: false
00:36:40.808 [FXGL Background Thread 3 ] DEBUG Engine               - isScaleAffectedOnResize: true
00:36:40.808 [FXGL Background Thread 3 ] DEBUG Engine               - isSingleStep: false
00:36:40.808 [FXGL Background Thread 3 ] DEBUG Engine               - isUserProfileEnabled: false
00:36:40.808 [FXGL Background Thread 3 ] DEBUG Engine               - isWindows: true
00:36:40.808 [FXGL Background Thread 3 ] DEBUG Engine               - language: ObjectProperty [value: ENGLISH]
00:36:40.808 [FXGL Background Thread 3 ] DEBUG Engine               - menuKey: ESCAPE
00:36:40.808 [FXGL Background Thread 3 ] DEBUG Engine               - mouseSensitivity: 0.2
00:36:40.808 [FXGL Background Thread 3 ] DEBUG Engine               - notificationViewClass: class com.almasb.fxgl.notification.view.XboxNotificationView
00:36:40.808 [FXGL Background Thread 3 ] DEBUG Engine               - pixelsPerMeter: 50.0
00:36:40.808 [FXGL Background Thread 3 ] DEBUG Engine               - platform: WINDOWS
00:36:40.808 [FXGL Background Thread 3 ] DEBUG Engine               - prefHeightProperty: ReadOnlyDoubleProperty [value: 1600.0]
00:36:40.808 [FXGL Background Thread 3 ] DEBUG Engine               - prefWidthProperty: ReadOnlyDoubleProperty [value: 1600.0]
00:36:40.808 [FXGL Background Thread 3 ] DEBUG Engine               - profileDir: profiles/
00:36:40.808 [FXGL Background Thread 3 ] DEBUG Engine               - profileName: StringProperty [value: DEFAULT]
00:36:40.808 [FXGL Background Thread 3 ] DEBUG Engine               - randomSeed: -1
00:36:40.808 [FXGL Background Thread 3 ] DEBUG Engine               - runtimeInfo: RuntimeInfo(platform=WINDOWS, version=17, build=31.12.2021 18.16)
00:36:40.808 [FXGL Background Thread 3 ] DEBUG Engine               - saveFileExt: sav
00:36:40.808 [FXGL Background Thread 3 ] DEBUG Engine               - scaledHeightProp$fxgl: DoubleProperty [bound, value: 1032.0]
00:36:40.808 [FXGL Background Thread 3 ] DEBUG Engine               - scaledWidthProp$fxgl: DoubleProperty [bound, value: 1007.0]
00:36:40.808 [FXGL Background Thread 3 ] DEBUG Engine               - sceneFactory: com.almasb.fxgl.app.scene.SceneFactory@38adfd01
00:36:40.808 [FXGL Background Thread 3 ] DEBUG Engine               - secondsIn24h: 60
00:36:40.808 [FXGL Background Thread 3 ] DEBUG Engine               - soundMenuBack: menu/back.wav
00:36:40.809 [FXGL Background Thread 3 ] DEBUG Engine               - soundMenuPress: menu/press.wav
00:36:40.809 [FXGL Background Thread 3 ] DEBUG Engine               - soundMenuSelect: menu/select.wav
00:36:40.809 [FXGL Background Thread 3 ] DEBUG Engine               - soundNotification: core/notification.wav
00:36:40.809 [FXGL Background Thread 3 ] DEBUG Engine               - stageStyle: DECORATED
00:36:40.809 [FXGL Background Thread 3 ] DEBUG Engine               - supportedLanguages: [ENGLISH, FRENCH, GERMAN, HUNGARIAN, RUSSIAN]
00:36:40.809 [FXGL Background Thread 3 ] DEBUG Engine               - ticksPerSecond: -1
00:36:40.809 [FXGL Background Thread 3 ] DEBUG Engine               - title: Restaurant simulator
00:36:40.809 [FXGL Background Thread 3 ] DEBUG Engine               - urlGithub: https://github.com/AlmasB/FXGL
00:36:40.809 [FXGL Background Thread 3 ] DEBUG Engine               - urlLeaderboard: http://fxgl-top.herokuapp.com/
00:36:40.809 [FXGL Background Thread 3 ] DEBUG Engine               - urlPOM: https://raw.githubusercontent.com/AlmasB/FXGL/release/README.md
00:36:40.809 [FXGL Background Thread 3 ] DEBUG Engine               - userAppClass: class game.RestaurantSimulate
00:36:40.809 [FXGL Background Thread 3 ] DEBUG Engine               - version: 0.0
00:36:40.809 [FXGL Background Thread 3 ] DEBUG Engine               - versionCheckDays: 7
00:36:40.809 [FXGL Background Thread 3 ] DEBUG Engine               - width: 1600
00:36:40.809 [FXGL Background Thread 3 ] DEBUG Engine               - Logging services
00:36:40.809 [FXGL Background Thread 3 ] DEBUG Engine               - class com.almasb.fxgl.app.services.FXGLAssetLoaderService
00:36:40.809 [FXGL Background Thread 3 ] DEBUG Engine               - class com.almasb.fxgl.app.FXGLApplication$GameApplicationService
00:36:40.809 [FXGL Background Thread 3 ] DEBUG Engine               - class com.almasb.fxgl.app.services.FXGLDialogService
00:36:40.809 [FXGL Background Thread 3 ] DEBUG Engine               - class com.almasb.fxgl.app.services.IOTaskExecutorService
00:36:40.809 [FXGL Background Thread 3 ] DEBUG Engine               - class com.almasb.fxgl.io.FileSystemService
00:36:40.809 [FXGL Background Thread 3 ] DEBUG Engine               - class com.almasb.fxgl.localization.LocalizationService
00:36:40.809 [FXGL Background Thread 3 ] DEBUG Engine               - class com.almasb.fxgl.app.services.SystemBundleService
00:36:40.809 [FXGL Background Thread 3 ] DEBUG Engine               - class com.almasb.fxgl.profile.SaveLoadService
00:36:40.809 [FXGL Background Thread 3 ] DEBUG Engine               - class com.almasb.fxgl.ui.FXGLUIFactoryServiceProvider
00:36:40.809 [FXGL Background Thread 3 ] DEBUG Engine               - class com.almasb.fxgl.ui.FXGLDialogFactoryServiceProvider
00:36:40.809 [FXGL Background Thread 3 ] DEBUG Engine               - class com.almasb.fxgl.audio.AudioPlayer
00:36:40.809 [FXGL Background Thread 3 ] DEBUG Engine               - class com.almasb.fxgl.notification.impl.NotificationServiceProvider
00:36:40.809 [FXGL Background Thread 3 ] DEBUG Engine               - class com.almasb.fxgl.achievement.AchievementService
00:36:40.809 [FXGL Background Thread 3 ] DEBUG Engine               - class com.almasb.fxgl.cutscene.CutsceneService
00:36:40.809 [FXGL Background Thread 3 ] DEBUG Engine               - class com.almasb.fxgl.minigames.MiniGameService
00:36:40.809 [FXGL Background Thread 3 ] DEBUG Engine               - class com.almasb.fxgl.net.NetService
00:36:40.809 [FXGL Background Thread 3 ] DEBUG Engine               - class com.almasb.fxgl.app.services.UpdaterService
00:36:40.809 [FXGL Background Thread 3 ] DEBUG Engine               - class com.almasb.fxgl.dev.DevService
00:36:40.842 [JavaFX Application Thread] WARN  GameWorld            - Entity is already attached to world
00:36:41.003 [JavaFX Application Thread] WARN  GameWorld            - Entity is already attached to world
00:36:41.275 [JavaFX Application Thread] WARN  GameWorld            - Entity is already attached to world
00:36:41.739 [JavaFX Application Thread] WARN  GameWorld            - Entity is already attached to world
00:36:42.810 [JavaFX Application Thread] WARN  GameWorld            - Entity is already attached to world
00:36:42.858 [JavaFX Application Thread] WARN  GameWorld            - Entity is already attached to world
00:36:43.210 [JavaFX Application Thread] WARN  GameWorld            - Entity is already attached to world
00:36:44.715 [JavaFX Application Thread] DEBUG LoopRunner           - Stopping loop
00:36:44.716 [JavaFX Application Thread] FATAL FXGLApplication      - Uncaught Exception:
java.lang.IndexOutOfBoundsException: Index -1 out of bounds for length 1
	at java.base/jdk.internal.util.Preconditions.outOfBounds(Preconditions.java:64)
	at java.base/jdk.internal.util.Preconditions.outOfBoundsCheckIndex(Preconditions.java:70)
	at java.base/jdk.internal.util.Preconditions.checkIndex(Preconditions.java:266)
	at java.base/java.util.Objects.checkIndex(Objects.java:359)
	at java.base/java.util.ArrayList.get(ArrayList.java:427)
	at javafx.scene.Parent.updateCachedBounds(Parent.java:1704)
	at javafx.scene.Parent.recomputeBounds(Parent.java:1648)
	at javafx.scene.Parent.doComputeGeomBounds(Parent.java:1501)
	at javafx.scene.Parent$1.doComputeGeomBounds(Parent.java:115)
	at com.sun.javafx.scene.ParentHelper.computeGeomBoundsImpl(ParentHelper.java:84)
	at com.sun.javafx.scene.NodeHelper.computeGeomBounds(NodeHelper.java:116)
	at javafx.scene.Node.updateGeomBounds(Node.java:3813)
	at javafx.scene.Node.getGeomBounds(Node.java:3775)
	at javafx.scene.Node.doComputeLayoutBounds(Node.java:3623)
	at javafx.scene.Node$1.doComputeLayoutBounds(Node.java:449)
	at com.sun.javafx.scene.NodeHelper.computeLayoutBoundsImpl(NodeHelper.java:167)
	at com.sun.javafx.scene.GroupHelper.computeLayoutBoundsImpl(GroupHelper.java:63)
	at com.sun.javafx.scene.NodeHelper.computeLayoutBounds(NodeHelper.java:107)
	at javafx.scene.Node$13.computeBounds(Node.java:3475)
	at javafx.scene.Node$LazyBoundsProperty.get(Node.java:9691)
	at javafx.scene.Node$LazyBoundsProperty.get(Node.java:9661)
	at javafx.scene.Node.getLayoutBounds(Node.java:3490)
	at javafx.scene.Parent.computePrefWidth(Parent.java:1090)
	at javafx.scene.layout.Region.computePrefWidth(Region.java:1684)
	at javafx.scene.Parent.prefWidth(Parent.java:1020)
	at javafx.scene.layout.Region.prefWidth(Region.java:1589)
	at javafx.scene.Node.autosize(Node.java:3136)
	at javafx.scene.Parent.layoutChildren(Parent.java:1238)
	at javafx.scene.Parent.layout(Parent.java:1207)
	at javafx.scene.Scene.doLayoutPass(Scene.java:579)
	at javafx.scene.Scene$ScenePulseListener.pulse(Scene.java:2515)
	at com.sun.javafx.tk.Toolkit.lambda$runPulse$2(Toolkit.java:421)
	at java.base/java.security.AccessController.doPrivileged(AccessController.java:399)
	at com.sun.javafx.tk.Toolkit.runPulse(Toolkit.java:420)
	at com.sun.javafx.tk.Toolkit.firePulse(Toolkit.java:450)
	at com.sun.javafx.tk.quantum.QuantumToolkit.pulse(QuantumToolkit.java:575)
	at com.sun.javafx.tk.quantum.QuantumToolkit.pulse(QuantumToolkit.java:555)
	at com.sun.javafx.tk.quantum.QuantumToolkit.pulseFromQueue(QuantumToolkit.java:548)
	at com.sun.javafx.tk.quantum.QuantumToolkit.lambda$runToolkit$11(QuantumToolkit.java:353)
	at com.sun.glass.ui.InvokeLaterDispatcher$Future.run(InvokeLaterDispatcher.java:96)
	at com.sun.glass.ui.win.WinApplication._runLoop(Native Method)
	at com.sun.glass.ui.win.WinApplication.lambda$runLoop$3(WinApplication.java:184)
	at java.base/java.lang.Thread.run(Thread.java:842)

00:36:44.716 [JavaFX Application Thread] FATAL FXGLApplication      - Application will now exit
00:36:44.728 [JavaFX Application Thread] DEBUG PrimaryStageWindow   - Push state: ErrorSubScene
00:36:44.728 [JavaFX Application Thread] DEBUG Input                - Clearing active input actions
00:36:44.730 [JavaFX Application Thread] DEBUG GameApplicationServi - Removing overlay from GameScene and adding to ErrorSubScene
00:36:44.731 [JavaFX Application Thread] DEBUG PrimaryStageWindow   - GameScene -> ErrorSubScene
00:37:09.420 [JavaFX Application Thread] DEBUG FXGLApplication      - Exiting FXGL
00:37:09.420 [JavaFX Application Thread] DEBUG Async                - Shutting down background threads
00:37:09.420 [JavaFX Application Thread] DEBUG PrimaryStageWindow   - Closing main window
00:37:09.430 [JavaFX Application Thread] DEBUG Logger               - Closing Logger
