00:12:05.225 [main                     ] DEBUG Logger               - Configured Logger
00:12:05.245 [main                     ] DEBUG GameApplication      - Logging settings
Title: Restaurant simulator
Version: 0.0
Width: 1600
Height: 1600
Fullscreen: false
Intro: false
Profiling: false
Single step:false
App Mode: DEVELOPER
Menu Key: ESCAPE
Stage Style: DECORATED
Scene Factory: class com.almasb.fxgl.app.scene.SceneFactory

00:12:05.631 [JavaFX Application Thread] DEBUG FXGLApplication      - Initializing FXGL
00:12:05.635 [JavaFX Application Thread] INFO  Engine               - FXGL-17 (31.12.2021 18.16) on WINDOWS (J:17.0.12 FX:17.0.0.1)
00:12:05.636 [JavaFX Application Thread] DEBUG Engine               - JRE Vendor Name: Oracle Corporation
00:12:05.636 [JavaFX Application Thread] DEBUG Engine               - Running on OS: Windows 11 version 10.0
00:12:05.636 [JavaFX Application Thread] DEBUG Engine               - Architecture: amd64
00:12:05.636 [JavaFX Application Thread] INFO  Engine               - Source code and latest versions at: https://github.com/AlmasB/FXGL
00:12:05.636 [JavaFX Application Thread] INFO  Engine               -       Ask questions and discuss at: https://github.com/AlmasB/FXGL/discussions
00:12:05.636 [JavaFX Application Thread] INFO  Engine               -              Join the FXGL chat at: https://gitter.im/AlmasB/FXGL
00:12:05.723 [JavaFX Application Thread] DEBUG PrimaryStageWindow   - Creating a JavaFX scene
00:12:05.724 [JavaFX Application Thread] DEBUG PrimaryStageWindow   - Target size > screen size
00:12:05.760 [JavaFX Application Thread] DEBUG PrimaryStageWindow   - Target settings size: 1600.0 x 1600.0
00:12:05.761 [JavaFX Application Thread] DEBUG PrimaryStageWindow   - Scaled scene size:    1007.0 x 1032.0
00:12:05.761 [JavaFX Application Thread] DEBUG PrimaryStageWindow   - Scaled ratio: (0.629375, 0.645)
00:12:05.762 [JavaFX Application Thread] DEBUG PrimaryStageWindow   - Set initial scene to FXGLStartupScene
00:12:05.768 [JavaFX Application Thread] DEBUG PrimaryStageWindow   - Opening main window
00:12:05.831 [JavaFX Application Thread] DEBUG PrimaryStageWindow   - Window border size: (16.0, 39.0)
00:12:05.831 [JavaFX Application Thread] DEBUG PrimaryStageWindow   - Scaled size: 1007.0 x 1032.0
00:12:05.832 [JavaFX Application Thread] DEBUG PrimaryStageWindow   - Scaled ratio: (0.629375, 0.629375)
00:12:05.832 [JavaFX Application Thread] DEBUG PrimaryStageWindow   - Scene size: 1007.0 x 1032.0
00:12:05.832 [JavaFX Application Thread] DEBUG PrimaryStageWindow   - Stage size: 1023.0 x 1071.0
00:12:05.837 [FXGL Background Thread 1 ] DEBUG Engine               - Initializing environment variables
00:12:05.864 [FXGL Background Thread 1 ] DEBUG FXGLAssetLoaderServi - User app class for loading assets: class game.RestaurantSimulate
00:12:05.864 [FXGL Background Thread 1 ] DEBUG GameApplicationServi - Applying CSS: fxgl_dark.css
00:12:05.865 [FXGL Background Thread 1 ] DEBUG FXGLAssetLoaderServi - Loading from file system: jar:file:/C:/Users/aryma/.m2/repository/com/github/almasb/fxgl/17/fxgl-17.jar!/fxglassets/ui/css/fxgl_dark.css
00:12:05.899 [FXGL Background Thread 1 ] DEBUG GameApplicationServi - Initializing application scenes
00:12:05.926 [FXGL Background Thread 1 ] DEBUG GameWorld            - Game world initialized
00:12:05.969 [FXGL Background Thread 1 ] DEBUG PhysicsWorld         - Physics world initialized: appHeight=1600, physics.ppm=50.0
00:12:05.969 [FXGL Background Thread 1 ] DEBUG PhysicsWorld         - Using strategy: BRUTE_FORCE
00:12:05.972 [FXGL Background Thread 1 ] DEBUG GameScene            - Game scene initialized: 1600x1600
00:12:05.983 [FXGL Background Thread 1 ] DEBUG FXGL.DefaultMenu     - createMenuBodyMainMenu()
00:12:05.997 [FXGL Background Thread 1 ] DEBUG FXGL.DefaultMenu     - createOptionsMenu()
00:12:06.006 [FXGL Background Thread 1 ] DEBUG FXGLAssetLoaderServi - Loading from file system: jar:file:/C:/Users/aryma/.m2/repository/com/github/almasb/fxgl/17/fxgl-17.jar!/fxglassets/textures/particles/smoke.png
00:12:06.090 [FXGL Background Thread 1 ] DEBUG FXGLAssetLoaderServi - Loading from file system: jar:file:/C:/Users/aryma/.m2/repository/com/github/almasb/fxgl/17/fxgl-17.jar!/fxglassets/textures/particles/trace_horizontal.png
00:12:06.125 [FXGL Background Thread 1 ] DEBUG FXGL.DefaultMenu     - createMenuBodyGameMenu()
00:12:06.126 [FXGL Background Thread 1 ] DEBUG FXGL.DefaultMenu     - createOptionsMenu()
00:12:06.138 [FXGL Background Thread 1 ] DEBUG GameApplicationServi - Application scenes initialized
00:12:06.148 [FXGL Background Thread 1 ] DEBUG SystemBundleService  - Loading FXGL system data
00:12:06.150 [FXGL Background Thread 1 ] DEBUG FileSystemAccess     - Reading from: C:\Users\aryma\OneDrive\Escritorio\Simulador_restaurante-master\system\fxgl.bundle
00:12:06.155 [FXGL Background Thread 1 ] DEBUG SystemBundleService  - Bundle FXGL: {}
00:12:06.155 [FXGL Background Thread 1 ] DEBUG UpdaterService       - Checking for updates
00:12:06.158 [FXGL Background Thread 4 ] DEBUG FXGLApplication      - Loading fonts
00:12:06.158 [FXGL Background Thread 4 ] DEBUG FXGLAssetLoaderServi - Loading from file system: jar:file:/C:/Users/aryma/.m2/repository/com/github/almasb/fxgl/17/fxgl-17.jar!/fxglassets/ui/fonts/VarelaRound-Regular.ttf
00:12:06.159 [FXGL Background Thread 1 ] DEBUG FXGLApplication      - Loading default localization
00:12:06.159 [FXGL Background Thread 1 ] DEBUG FXGLAssetLoaderServi - Loading from file system: jar:file:/C:/Users/aryma/.m2/repository/com/github/almasb/fxgl/17/fxgl-17.jar!/fxglassets/languages/english.lang
00:12:06.188 [FXGL Background Thread 1 ] INFO  FXGLApplication      - FXGL initialization took: 0.350 sec
00:12:06.189 [JavaFX Application Thread] DEBUG FXGLAssetLoaderServi - Loading from file system: jar:file:/C:/Users/aryma/.m2/repository/com/github/almasb/fxgl/17/fxgl-17.jar!/fxglassets/textures/fxgl_icon.png
00:12:06.199 [FXGL Background Thread 4 ] DEBUG FXGLAssetLoaderServi - Loading from file system: jar:file:/C:/Users/aryma/.m2/repository/com/github/almasb/fxgl/17/fxgl-17.jar!/fxglassets/ui/fonts/Abel-Regular.ttf
00:12:06.202 [FXGL Background Thread 4 ] DEBUG FXGLAssetLoaderServi - Loading from file system: jar:file:/C:/Users/aryma/.m2/repository/com/github/almasb/fxgl/17/fxgl-17.jar!/fxglassets/ui/fonts/TerminalLandMono-Regular.otf
00:12:06.204 [JavaFX Application Thread] DEBUG FXGLAssetLoaderServi - Loading from file system: jar:file:/C:/Users/aryma/.m2/repository/com/github/almasb/fxgl/17/fxgl-17.jar!/fxglassets/textures/fxgl_default_cursor.png
00:12:06.206 [FXGL Background Thread 4 ] DEBUG FXGLAssetLoaderServi - Loading from file system: jar:file:/C:/Users/aryma/.m2/repository/com/github/almasb/fxgl/17/fxgl-17.jar!/fxglassets/ui/fonts/Courier-Prime.ttf
00:12:06.226 [JavaFX Application Thread] DEBUG Input                - Registered new binding: Screenshot - CTRL+8
00:12:06.227 [JavaFX Application Thread] DEBUG Input                - Registered new binding: System info dump - CTRL+9
00:12:06.228 [JavaFX Application Thread] DEBUG Input                - Registered new binding: Restart - CTRL+R
00:12:06.228 [JavaFX Application Thread] DEBUG Input                - Registered new binding: Toggle Debug Camera - CTRL+7
00:12:06.232 [JavaFX Application Thread] DEBUG LoopRunner           - Starting loop
00:12:06.232 [JavaFX Application Thread] DEBUG LoopRunner           - Initializing JavaFX AnimationTimerLoop
00:12:06.237 [JavaFX Application Thread] DEBUG Input                - Clearing active input actions
00:12:06.242 [JavaFX Application Thread] DEBUG GameApplicationServi - Removing overlay from FXGLStartupScene and adding to FXGLMainMenuDummyScene
00:12:06.242 [JavaFX Application Thread] DEBUG PrimaryStageWindow   - FXGLStartupScene -> FXGLMainMenuDummyScene
00:12:06.242 [JavaFX Application Thread] DEBUG PrimaryStageWindow   - Push state: FXGLDefaultMenu
00:12:06.262 [JavaFX Application Thread] DEBUG Input                - Clearing active input actions
00:12:06.278 [JavaFX Application Thread] DEBUG GameApplicationServi - Removing overlay from FXGLMainMenuDummyScene and adding to FXGLDefaultMenu
00:12:06.279 [JavaFX Application Thread] DEBUG PrimaryStageWindow   - FXGLMainMenuDummyScene -> FXGLDefaultMenu
00:12:06.279 [JavaFX Application Thread] DEBUG FXGLApplication      - Registering font factories with UI factory
00:12:06.659 [FXGL Background Thread 2 ] INFO  UpdaterService       - Your current version:  17
00:12:06.659 [FXGL Background Thread 2 ] INFO  UpdaterService       - Latest stable version: 21.1
00:12:08.016 [JavaFX Application Thread] DEBUG Menu                 - fireNewGame()
00:12:08.016 [JavaFX Application Thread] DEBUG GameApplicationServi - Starting new game
00:12:08.017 [JavaFX Application Thread] DEBUG PrimaryStageWindow   - Pop state: FXGLDefaultMenu
00:12:08.017 [JavaFX Application Thread] DEBUG Input                - Clearing active input actions
00:12:08.018 [JavaFX Application Thread] DEBUG GameApplicationServi - Removing overlay from FXGLDefaultMenu and adding to FXGLMainMenuDummyScene
00:12:08.018 [JavaFX Application Thread] DEBUG PrimaryStageWindow   - FXGLMainMenuDummyScene <- FXGLDefaultMenu
00:12:08.019 [JavaFX Application Thread] DEBUG Input                - Clearing active input actions
00:12:08.023 [JavaFX Application Thread] DEBUG GameApplicationServi - Removing overlay from FXGLMainMenuDummyScene and adding to FXGLLoadingScene
00:12:08.023 [JavaFX Application Thread] DEBUG PrimaryStageWindow   - FXGLMainMenuDummyScene -> FXGLLoadingScene
00:12:08.023 [JavaFX Application Thread] DEBUG GameApplicationServi - Clearing previous game
00:12:08.023 [JavaFX Application Thread] DEBUG GameScene            - Clearing game scene
00:12:08.023 [JavaFX Application Thread] DEBUG GameWorld            - Clearing game world
00:12:08.023 [JavaFX Application Thread] DEBUG PhysicsWorld         - Clearing physics world
00:12:08.026 [FXGL Background Thread 2 ] DEBUG FXGLApplication      - Initializing game
00:12:08.032 [FXGL Background Thread 2 ] DEBUG FXGLAssetLoaderServi - Loading from file system: file:/C:/Users/aryma/OneDrive/Escritorio/Simulador_restaurante-master/target/classes/assets/textures/restaurant.png
00:12:08.087 [FXGL Background Thread 2 ] INFO  FXGLApplication      - Game initialization took: 0.061 sec
00:12:08.097 [JavaFX Application Thread] DEBUG Input                - Clearing active input actions
00:12:08.102 [JavaFX Application Thread] DEBUG GameApplicationServi - Removing overlay from FXGLLoadingScene and adding to GameScene
00:12:08.102 [JavaFX Application Thread] DEBUG PrimaryStageWindow   - FXGLLoadingScene -> GameScene
00:12:08.965 [JavaFX Application Thread] DEBUG FXGLAssetLoaderServi - Loading from file system: file:/C:/Users/aryma/OneDrive/Escritorio/Simulador_restaurante-master/target/classes/assets/textures/player.png
00:12:08.967 [JavaFX Application Thread] WARN  GameWorld            - Entity is already attached to world
00:12:09.158 [FXGL Background Thread 3 ] DEBUG Engine               - Logging environment variables
00:12:09.158 [FXGL Background Thread 3 ] DEBUG Engine               - achievements: []
00:12:09.158 [FXGL Background Thread 3 ] DEBUG Engine               - actualHeight: 1032.0
00:12:09.158 [FXGL Background Thread 3 ] DEBUG Engine               - actualHeightProperty: ReadOnlyDoubleProperty [value: 1032.0]
00:12:09.158 [FXGL Background Thread 3 ] DEBUG Engine               - actualWidth: 1007.0
00:12:09.158 [FXGL Background Thread 3 ] DEBUG Engine               - actualWidthProperty: ReadOnlyDoubleProperty [value: 1007.0]
00:12:09.158 [FXGL Background Thread 3 ] DEBUG Engine               - appIcon: fxgl_icon.png
00:12:09.158 [FXGL Background Thread 3 ] DEBUG Engine               - applicationMode: DEVELOPER
00:12:09.158 [FXGL Background Thread 3 ] DEBUG Engine               - cSSList: [fxgl_dark.css]
00:12:09.159 [FXGL Background Thread 3 ] DEBUG Engine               - collisionDetectionStrategy: BRUTE_FORCE
00:12:09.159 [FXGL Background Thread 3 ] DEBUG Engine               - configClass: Optional.empty
00:12:09.159 [FXGL Background Thread 3 ] DEBUG Engine               - credits: []
00:12:09.159 [FXGL Background Thread 3 ] DEBUG Engine               - defaultCursor: CursorInfo(imageName=fxgl_default_cursor.png, hotspotX=7.0, hotspotY=6.0)
00:12:09.159 [FXGL Background Thread 3 ] DEBUG Engine               - devBBoxColorProperty: ObjectProperty [value: 0xff0000ff]
00:12:09.159 [FXGL Background Thread 3 ] DEBUG Engine               - devEnableDebugCameraProperty: BooleanProperty [value: false]
00:12:09.159 [FXGL Background Thread 3 ] DEBUG Engine               - devSensorColorProperty: ObjectProperty [value: 0xffff00ff]
00:12:09.159 [FXGL Background Thread 3 ] DEBUG Engine               - devShowBBoxProperty: BooleanProperty [value: false]
00:12:09.160 [FXGL Background Thread 3 ] DEBUG Engine               - devShowPositionProperty: BooleanProperty [value: false]
00:12:09.160 [FXGL Background Thread 3 ] DEBUG Engine               - enabledMenuItems: []
00:12:09.160 [FXGL Background Thread 3 ] DEBUG Engine               - engineServices: [class com.almasb.fxgl.app.services.FXGLAssetLoaderService, class com.almasb.fxgl.app.FXGLApplication$GameApplicationService, class com.almasb.fxgl.app.services.FXGLDialogService, class com.almasb.fxgl.app.services.IOTaskExecutorService, class com.almasb.fxgl.io.FileSystemService, class com.almasb.fxgl.localization.LocalizationService, class com.almasb.fxgl.app.services.SystemBundleService, class com.almasb.fxgl.profile.SaveLoadService, class com.almasb.fxgl.ui.FXGLUIFactoryServiceProvider, class com.almasb.fxgl.ui.FXGLDialogFactoryServiceProvider, class com.almasb.fxgl.audio.AudioPlayer, class com.almasb.fxgl.notification.impl.NotificationServiceProvider, class com.almasb.fxgl.achievement.AchievementService, class com.almasb.fxgl.cutscene.CutsceneService, class com.almasb.fxgl.minigames.MiniGameService, class com.almasb.fxgl.net.NetService, class com.almasb.fxgl.app.services.UpdaterService, class com.almasb.fxgl.dev.DevService]
00:12:09.160 [FXGL Background Thread 3 ] DEBUG Engine               - fontGame: Abel-Regular.ttf
00:12:09.160 [FXGL Background Thread 3 ] DEBUG Engine               - fontMono: TerminalLandMono-Regular.otf
00:12:09.160 [FXGL Background Thread 3 ] DEBUG Engine               - fontText: Courier-Prime.ttf
00:12:09.160 [FXGL Background Thread 3 ] DEBUG Engine               - fontUI: VarelaRound-Regular.ttf
00:12:09.160 [FXGL Background Thread 3 ] DEBUG Engine               - fullScreen: BooleanProperty [value: false]
00:12:09.160 [FXGL Background Thread 3 ] DEBUG Engine               - gameDifficulty: MEDIUM
00:12:09.160 [FXGL Background Thread 3 ] DEBUG Engine               - gameDifficultyProperty: ObjectProperty [value: MEDIUM]
00:12:09.160 [FXGL Background Thread 3 ] DEBUG Engine               - globalMusicVolume: 0.5
00:12:09.160 [FXGL Background Thread 3 ] DEBUG Engine               - globalMusicVolumeProperty: DoubleProperty [value: 0.5]
00:12:09.160 [FXGL Background Thread 3 ] DEBUG Engine               - globalSoundVolume: 0.5
00:12:09.160 [FXGL Background Thread 3 ] DEBUG Engine               - globalSoundVolumeProperty: DoubleProperty [value: 0.5]
00:12:09.160 [FXGL Background Thread 3 ] DEBUG Engine               - height: 1600
00:12:09.160 [FXGL Background Thread 3 ] DEBUG Engine               - is3D: false
00:12:09.160 [FXGL Background Thread 3 ] DEBUG Engine               - isAndroid: false
00:12:09.160 [FXGL Background Thread 3 ] DEBUG Engine               - isBrowser: false
00:12:09.160 [FXGL Background Thread 3 ] DEBUG Engine               - isClickFeedbackEnabled: false
00:12:09.160 [FXGL Background Thread 3 ] DEBUG Engine               - isCloseConfirmation: false
00:12:09.160 [FXGL Background Thread 3 ] DEBUG Engine               - isDesktop: true
00:12:09.160 [FXGL Background Thread 3 ] DEBUG Engine               - isDeveloperMenuEnabled: false
00:12:09.161 [FXGL Background Thread 3 ] DEBUG Engine               - isEmbedded: false
00:12:09.161 [FXGL Background Thread 3 ] DEBUG Engine               - isEntityPreloadEnabled: true
00:12:09.161 [FXGL Background Thread 3 ] DEBUG Engine               - isExperimentalTiledLargeMap: false
00:12:09.161 [FXGL Background Thread 3 ] DEBUG Engine               - isFileSystemWriteAllowed: true
00:12:09.161 [FXGL Background Thread 3 ] DEBUG Engine               - isFullScreenAllowed: false
00:12:09.161 [FXGL Background Thread 3 ] DEBUG Engine               - isFullScreenFromStart: false
00:12:09.161 [FXGL Background Thread 3 ] DEBUG Engine               - isGameMenuEnabled: true
00:12:09.161 [FXGL Background Thread 3 ] DEBUG Engine               - isIOS: false
00:12:09.161 [FXGL Background Thread 3 ] DEBUG Engine               - isIntroEnabled: false
00:12:09.161 [FXGL Background Thread 3 ] DEBUG Engine               - isLinux: false
00:12:09.161 [FXGL Background Thread 3 ] DEBUG Engine               - isMac: false
00:12:09.161 [FXGL Background Thread 3 ] DEBUG Engine               - isMainMenuEnabled: true
00:12:09.161 [FXGL Background Thread 3 ] DEBUG Engine               - isManualResizeEnabled: true
00:12:09.161 [FXGL Background Thread 3 ] DEBUG Engine               - isMobile: false
00:12:09.161 [FXGL Background Thread 3 ] DEBUG Engine               - isNative: false
00:12:09.161 [FXGL Background Thread 3 ] DEBUG Engine               - isPauseMusicWhenMinimized: true
00:12:09.161 [FXGL Background Thread 3 ] DEBUG Engine               - isPreserveResizeRatio: true
00:12:09.161 [FXGL Background Thread 3 ] DEBUG Engine               - isProfilingEnabled: false
00:12:09.161 [FXGL Background Thread 3 ] DEBUG Engine               - isScaleAffectedOnResize: true
00:12:09.161 [FXGL Background Thread 3 ] DEBUG Engine               - isSingleStep: false
00:12:09.161 [FXGL Background Thread 3 ] DEBUG Engine               - isUserProfileEnabled: false
00:12:09.161 [FXGL Background Thread 3 ] DEBUG Engine               - isWindows: true
00:12:09.161 [FXGL Background Thread 3 ] DEBUG Engine               - language: ObjectProperty [value: ENGLISH]
00:12:09.161 [FXGL Background Thread 3 ] DEBUG Engine               - menuKey: ESCAPE
00:12:09.162 [FXGL Background Thread 3 ] DEBUG Engine               - mouseSensitivity: 0.2
00:12:09.162 [FXGL Background Thread 3 ] DEBUG Engine               - notificationViewClass: class com.almasb.fxgl.notification.view.XboxNotificationView
00:12:09.162 [FXGL Background Thread 3 ] DEBUG Engine               - pixelsPerMeter: 50.0
00:12:09.162 [FXGL Background Thread 3 ] DEBUG Engine               - platform: WINDOWS
00:12:09.162 [FXGL Background Thread 3 ] DEBUG Engine               - prefHeightProperty: ReadOnlyDoubleProperty [value: 1600.0]
00:12:09.162 [FXGL Background Thread 3 ] DEBUG Engine               - prefWidthProperty: ReadOnlyDoubleProperty [value: 1600.0]
00:12:09.162 [FXGL Background Thread 3 ] DEBUG Engine               - profileDir: profiles/
00:12:09.162 [FXGL Background Thread 3 ] DEBUG Engine               - profileName: StringProperty [value: DEFAULT]
00:12:09.162 [FXGL Background Thread 3 ] DEBUG Engine               - randomSeed: -1
00:12:09.162 [FXGL Background Thread 3 ] DEBUG Engine               - runtimeInfo: RuntimeInfo(platform=WINDOWS, version=17, build=31.12.2021 18.16)
00:12:09.162 [FXGL Background Thread 3 ] DEBUG Engine               - saveFileExt: sav
00:12:09.162 [FXGL Background Thread 3 ] DEBUG Engine               - scaledHeightProp$fxgl: DoubleProperty [bound, value: 1032.0]
00:12:09.162 [FXGL Background Thread 3 ] DEBUG Engine               - scaledWidthProp$fxgl: DoubleProperty [bound, value: 1007.0]
00:12:09.162 [FXGL Background Thread 3 ] DEBUG Engine               - sceneFactory: com.almasb.fxgl.app.scene.SceneFactory@30ee387f
00:12:09.162 [FXGL Background Thread 3 ] DEBUG Engine               - secondsIn24h: 60
00:12:09.162 [FXGL Background Thread 3 ] DEBUG Engine               - soundMenuBack: menu/back.wav
00:12:09.162 [FXGL Background Thread 3 ] DEBUG Engine               - soundMenuPress: menu/press.wav
00:12:09.162 [FXGL Background Thread 3 ] DEBUG Engine               - soundMenuSelect: menu/select.wav
00:12:09.162 [FXGL Background Thread 3 ] DEBUG Engine               - soundNotification: core/notification.wav
00:12:09.162 [FXGL Background Thread 3 ] DEBUG Engine               - stageStyle: DECORATED
00:12:09.162 [FXGL Background Thread 3 ] DEBUG Engine               - supportedLanguages: [ENGLISH, FRENCH, GERMAN, HUNGARIAN, RUSSIAN]
00:12:09.162 [FXGL Background Thread 3 ] DEBUG Engine               - ticksPerSecond: -1
00:12:09.162 [FXGL Background Thread 3 ] DEBUG Engine               - title: Restaurant simulator
00:12:09.162 [FXGL Background Thread 3 ] DEBUG Engine               - urlGithub: https://github.com/AlmasB/FXGL
00:12:09.162 [FXGL Background Thread 3 ] DEBUG Engine               - urlLeaderboard: http://fxgl-top.herokuapp.com/
00:12:09.162 [FXGL Background Thread 3 ] DEBUG Engine               - urlPOM: https://raw.githubusercontent.com/AlmasB/FXGL/release/README.md
00:12:09.162 [FXGL Background Thread 3 ] DEBUG Engine               - userAppClass: class game.RestaurantSimulate
00:12:09.162 [FXGL Background Thread 3 ] DEBUG Engine               - version: 0.0
00:12:09.162 [FXGL Background Thread 3 ] DEBUG Engine               - versionCheckDays: 7
00:12:09.163 [FXGL Background Thread 3 ] DEBUG Engine               - width: 1600
00:12:09.163 [FXGL Background Thread 3 ] DEBUG Engine               - Logging services
00:12:09.163 [FXGL Background Thread 3 ] DEBUG Engine               - class com.almasb.fxgl.app.services.FXGLAssetLoaderService
00:12:09.163 [FXGL Background Thread 3 ] DEBUG Engine               - class com.almasb.fxgl.app.FXGLApplication$GameApplicationService
00:12:09.163 [FXGL Background Thread 3 ] DEBUG Engine               - class com.almasb.fxgl.app.services.FXGLDialogService
00:12:09.163 [FXGL Background Thread 3 ] DEBUG Engine               - class com.almasb.fxgl.app.services.IOTaskExecutorService
00:12:09.163 [FXGL Background Thread 3 ] DEBUG Engine               - class com.almasb.fxgl.io.FileSystemService
00:12:09.163 [FXGL Background Thread 3 ] DEBUG Engine               - class com.almasb.fxgl.localization.LocalizationService
00:12:09.163 [FXGL Background Thread 3 ] DEBUG Engine               - class com.almasb.fxgl.app.services.SystemBundleService
00:12:09.163 [FXGL Background Thread 3 ] DEBUG Engine               - class com.almasb.fxgl.profile.SaveLoadService
00:12:09.163 [FXGL Background Thread 3 ] DEBUG Engine               - class com.almasb.fxgl.ui.FXGLUIFactoryServiceProvider
00:12:09.163 [FXGL Background Thread 3 ] DEBUG Engine               - class com.almasb.fxgl.ui.FXGLDialogFactoryServiceProvider
00:12:09.163 [FXGL Background Thread 3 ] DEBUG Engine               - class com.almasb.fxgl.audio.AudioPlayer
00:12:09.163 [FXGL Background Thread 3 ] DEBUG Engine               - class com.almasb.fxgl.notification.impl.NotificationServiceProvider
00:12:09.163 [FXGL Background Thread 3 ] DEBUG Engine               - class com.almasb.fxgl.achievement.AchievementService
00:12:09.163 [FXGL Background Thread 3 ] DEBUG Engine               - class com.almasb.fxgl.cutscene.CutsceneService
00:12:09.163 [FXGL Background Thread 3 ] DEBUG Engine               - class com.almasb.fxgl.minigames.MiniGameService
00:12:09.163 [FXGL Background Thread 3 ] DEBUG Engine               - class com.almasb.fxgl.net.NetService
00:12:09.163 [FXGL Background Thread 3 ] DEBUG Engine               - class com.almasb.fxgl.app.services.UpdaterService
00:12:09.163 [FXGL Background Thread 3 ] DEBUG Engine               - class com.almasb.fxgl.dev.DevService
00:12:09.653 [JavaFX Application Thread] WARN  GameWorld            - Entity is already attached to world
00:12:09.732 [JavaFX Application Thread] WARN  GameWorld            - Entity is already attached to world
00:12:10.804 [JavaFX Application Thread] WARN  GameWorld            - Entity is already attached to world
00:12:10.821 [JavaFX Application Thread] WARN  GameWorld            - Entity is already attached to world
00:12:11.764 [JavaFX Application Thread] WARN  GameWorld            - Entity is already attached to world
00:12:13.220 [JavaFX Application Thread] WARN  GameWorld            - Entity is already attached to world
00:12:14.068 [JavaFX Application Thread] WARN  GameWorld            - Entity is already attached to world
00:12:14.324 [JavaFX Application Thread] WARN  GameWorld            - Entity is already attached to world
00:12:17.253 [JavaFX Application Thread] WARN  GameWorld            - Entity is already attached to world
00:12:17.846 [JavaFX Application Thread] WARN  GameWorld            - Entity is already attached to world
00:12:19.541 [JavaFX Application Thread] WARN  GameWorld            - Entity is already attached to world
00:12:20.436 [JavaFX Application Thread] WARN  GameWorld            - Entity is already attached to world
00:12:28.309 [JavaFX Application Thread] WARN  GameWorld            - Entity is already attached to world
00:12:28.564 [JavaFX Application Thread] WARN  GameWorld            - Entity is already attached to world
00:12:32.484 [JavaFX Application Thread] WARN  GameWorld            - Entity is already attached to world
00:12:34.277 [JavaFX Application Thread] WARN  GameWorld            - Entity is already attached to world
00:12:36.756 [JavaFX Application Thread] WARN  GameWorld            - Entity is already attached to world
00:12:39.284 [JavaFX Application Thread] WARN  GameWorld            - Entity is already attached to world
00:12:42.037 [JavaFX Application Thread] WARN  GameWorld            - Entity is already attached to world
00:12:45.652 [JavaFX Application Thread] WARN  GameWorld            - Entity is already attached to world
00:12:50.149 [JavaFX Application Thread] WARN  GameWorld            - Entity is already attached to world
00:12:50.260 [JavaFX Application Thread] WARN  GameWorld            - Entity is already attached to world
00:12:59.813 [JavaFX Application Thread] WARN  GameWorld            - Entity is already attached to world
00:13:05.290 [JavaFX Application Thread] DEBUG FXGLApplication      - Exiting FXGL
00:13:05.290 [JavaFX Application Thread] DEBUG LoopRunner           - Stopping loop
00:13:05.290 [JavaFX Application Thread] DEBUG SystemBundleService  - Saving FXGL system data
00:13:05.292 [JavaFX Application Thread] DEBUG FileSystemAccess     - Writing to: C:\Users\aryma\OneDrive\Escritorio\Simulador_restaurante-master\system\fxgl.bundle
00:13:05.293 [JavaFX Application Thread] DEBUG Async                - Shutting down background threads
00:13:05.293 [JavaFX Application Thread] DEBUG PrimaryStageWindow   - Closing main window
00:13:05.303 [JavaFX Application Thread] DEBUG Logger               - Closing Logger
