22:54:04.075 [main                     ] DEBUG Logger               - Configured Logger
22:54:04.095 [main                     ] DEBUG GameApplication      - Logging settings
Title: Restaurant simulator
Version: 0.0
Width: 1600
Height: 1600
Fullscreen: false
Intro: false
Profiling: false
Single step:false
App Mode: DEVELOPER
Menu Key: ESCAPE
Stage Style: DECORATED
Scene Factory: class com.almasb.fxgl.app.scene.SceneFactory

22:54:04.456 [JavaFX Application Thread] DEBUG FXGLApplication      - Initializing FXGL
22:54:04.461 [JavaFX Application Thread] INFO  Engine               - FXGL-17 (31.12.2021 18.16) on WINDOWS (J:17.0.12 FX:17.0.0.1)
22:54:04.462 [JavaFX Application Thread] DEBUG Engine               - JRE Vendor Name: Oracle Corporation
22:54:04.462 [JavaFX Application Thread] DEBUG Engine               - Running on OS: Windows 11 version 10.0
22:54:04.462 [JavaFX Application Thread] DEBUG Engine               - Architecture: amd64
22:54:04.462 [JavaFX Application Thread] INFO  Engine               - Source code and latest versions at: https://github.com/AlmasB/FXGL
22:54:04.462 [JavaFX Application Thread] INFO  Engine               -       Ask questions and discuss at: https://github.com/AlmasB/FXGL/discussions
22:54:04.462 [JavaFX Application Thread] INFO  Engine               -              Join the FXGL chat at: https://gitter.im/AlmasB/FXGL
22:54:04.549 [JavaFX Application Thread] DEBUG PrimaryStageWindow   - Creating a JavaFX scene
22:54:04.549 [JavaFX Application Thread] DEBUG PrimaryStageWindow   - Target size > screen size
22:54:04.585 [JavaFX Application Thread] DEBUG PrimaryStageWindow   - Target settings size: 1600.0 x 1600.0
22:54:04.585 [JavaFX Application Thread] DEBUG PrimaryStageWindow   - Scaled scene size:    1007.0 x 1032.0
22:54:04.586 [JavaFX Application Thread] DEBUG PrimaryStageWindow   - Scaled ratio: (0.629375, 0.645)
22:54:04.586 [JavaFX Application Thread] DEBUG PrimaryStageWindow   - Set initial scene to FXGLStartupScene
22:54:04.593 [JavaFX Application Thread] DEBUG PrimaryStageWindow   - Opening main window
22:54:04.657 [JavaFX Application Thread] DEBUG PrimaryStageWindow   - Window border size: (16.0, 39.0)
22:54:04.658 [JavaFX Application Thread] DEBUG PrimaryStageWindow   - Scaled size: 1007.0 x 1032.0
22:54:04.658 [JavaFX Application Thread] DEBUG PrimaryStageWindow   - Scaled ratio: (0.629375, 0.629375)
22:54:04.658 [JavaFX Application Thread] DEBUG PrimaryStageWindow   - Scene size: 1007.0 x 1032.0
22:54:04.658 [JavaFX Application Thread] DEBUG PrimaryStageWindow   - Stage size: 1023.0 x 1071.0
22:54:04.663 [FXGL Background Thread 1 ] DEBUG Engine               - Initializing environment variables
22:54:04.689 [FXGL Background Thread 1 ] DEBUG FXGLAssetLoaderServi - User app class for loading assets: class game.RestaurantSimulate
22:54:04.689 [FXGL Background Thread 1 ] DEBUG GameApplicationServi - Applying CSS: fxgl_dark.css
22:54:04.690 [FXGL Background Thread 1 ] DEBUG FXGLAssetLoaderServi - Loading from file system: jar:file:/C:/Users/aryma/.m2/repository/com/github/almasb/fxgl/17/fxgl-17.jar!/fxglassets/ui/css/fxgl_dark.css
22:54:04.720 [FXGL Background Thread 1 ] DEBUG GameApplicationServi - Initializing application scenes
22:54:04.752 [FXGL Background Thread 1 ] DEBUG GameWorld            - Game world initialized
22:54:04.796 [FXGL Background Thread 1 ] DEBUG PhysicsWorld         - Physics world initialized: appHeight=1600, physics.ppm=50.0
22:54:04.797 [FXGL Background Thread 1 ] DEBUG PhysicsWorld         - Using strategy: BRUTE_FORCE
22:54:04.800 [FXGL Background Thread 1 ] DEBUG GameScene            - Game scene initialized: 1600x1600
22:54:04.810 [FXGL Background Thread 1 ] DEBUG FXGL.DefaultMenu     - createMenuBodyMainMenu()
22:54:04.823 [FXGL Background Thread 1 ] DEBUG FXGL.DefaultMenu     - createOptionsMenu()
22:54:04.831 [FXGL Background Thread 1 ] DEBUG FXGLAssetLoaderServi - Loading from file system: jar:file:/C:/Users/aryma/.m2/repository/com/github/almasb/fxgl/17/fxgl-17.jar!/fxglassets/textures/particles/smoke.png
22:54:04.912 [FXGL Background Thread 1 ] DEBUG FXGLAssetLoaderServi - Loading from file system: jar:file:/C:/Users/aryma/.m2/repository/com/github/almasb/fxgl/17/fxgl-17.jar!/fxglassets/textures/particles/trace_horizontal.png
22:54:04.933 [FXGL Background Thread 1 ] DEBUG FXGL.DefaultMenu     - createMenuBodyGameMenu()
22:54:04.934 [FXGL Background Thread 1 ] DEBUG FXGL.DefaultMenu     - createOptionsMenu()
22:54:04.945 [FXGL Background Thread 1 ] DEBUG GameApplicationServi - Application scenes initialized
22:54:04.954 [FXGL Background Thread 1 ] DEBUG SystemBundleService  - Loading FXGL system data
22:54:04.958 [FXGL Background Thread 1 ] DEBUG FileSystemAccess     - Reading from: C:\Users\aryma\OneDrive\Escritorio\Simulador_restaurante-master\system\fxgl.bundle
22:54:04.963 [FXGL Background Thread 1 ] DEBUG SystemBundleService  - Bundle FXGL: {}
22:54:04.964 [FXGL Background Thread 1 ] DEBUG UpdaterService       - Checking for updates
22:54:04.967 [FXGL Background Thread 4 ] DEBUG FXGLApplication      - Loading fonts
22:54:04.967 [FXGL Background Thread 4 ] DEBUG FXGLAssetLoaderServi - Loading from file system: jar:file:/C:/Users/aryma/.m2/repository/com/github/almasb/fxgl/17/fxgl-17.jar!/fxglassets/ui/fonts/VarelaRound-Regular.ttf
22:54:04.967 [FXGL Background Thread 1 ] DEBUG FXGLApplication      - Loading default localization
22:54:04.968 [FXGL Background Thread 1 ] DEBUG FXGLAssetLoaderServi - Loading from file system: jar:file:/C:/Users/aryma/.m2/repository/com/github/almasb/fxgl/17/fxgl-17.jar!/fxglassets/languages/english.lang
22:54:04.986 [FXGL Background Thread 1 ] INFO  FXGLApplication      - FXGL initialization took: 0.322 sec
22:54:04.988 [JavaFX Application Thread] DEBUG FXGLAssetLoaderServi - Loading from file system: jar:file:/C:/Users/aryma/.m2/repository/com/github/almasb/fxgl/17/fxgl-17.jar!/fxglassets/textures/fxgl_icon.png
22:54:05.008 [JavaFX Application Thread] DEBUG FXGLAssetLoaderServi - Loading from file system: jar:file:/C:/Users/aryma/.m2/repository/com/github/almasb/fxgl/17/fxgl-17.jar!/fxglassets/textures/fxgl_default_cursor.png
22:54:05.012 [FXGL Background Thread 4 ] DEBUG FXGLAssetLoaderServi - Loading from file system: jar:file:/C:/Users/aryma/.m2/repository/com/github/almasb/fxgl/17/fxgl-17.jar!/fxglassets/ui/fonts/Abel-Regular.ttf
22:54:05.015 [FXGL Background Thread 4 ] DEBUG FXGLAssetLoaderServi - Loading from file system: jar:file:/C:/Users/aryma/.m2/repository/com/github/almasb/fxgl/17/fxgl-17.jar!/fxglassets/ui/fonts/TerminalLandMono-Regular.otf
22:54:05.018 [FXGL Background Thread 4 ] DEBUG FXGLAssetLoaderServi - Loading from file system: jar:file:/C:/Users/aryma/.m2/repository/com/github/almasb/fxgl/17/fxgl-17.jar!/fxglassets/ui/fonts/Courier-Prime.ttf
22:54:05.021 [JavaFX Application Thread] DEBUG Input                - Registered new binding: Screenshot - CTRL+8
22:54:05.022 [JavaFX Application Thread] DEBUG Input                - Registered new binding: System info dump - CTRL+9
22:54:05.023 [JavaFX Application Thread] DEBUG Input                - Registered new binding: Restart - CTRL+R
22:54:05.024 [JavaFX Application Thread] DEBUG Input                - Registered new binding: Toggle Debug Camera - CTRL+7
22:54:05.029 [JavaFX Application Thread] DEBUG LoopRunner           - Starting loop
22:54:05.029 [JavaFX Application Thread] DEBUG LoopRunner           - Initializing JavaFX AnimationTimerLoop
22:54:05.034 [JavaFX Application Thread] DEBUG Input                - Clearing active input actions
22:54:05.039 [JavaFX Application Thread] DEBUG GameApplicationServi - Removing overlay from FXGLStartupScene and adding to FXGLMainMenuDummyScene
22:54:05.040 [JavaFX Application Thread] DEBUG PrimaryStageWindow   - FXGLStartupScene -> FXGLMainMenuDummyScene
22:54:05.040 [JavaFX Application Thread] DEBUG PrimaryStageWindow   - Push state: FXGLDefaultMenu
22:54:05.058 [JavaFX Application Thread] DEBUG Input                - Clearing active input actions
22:54:05.073 [JavaFX Application Thread] DEBUG GameApplicationServi - Removing overlay from FXGLMainMenuDummyScene and adding to FXGLDefaultMenu
22:54:05.074 [JavaFX Application Thread] DEBUG PrimaryStageWindow   - FXGLMainMenuDummyScene -> FXGLDefaultMenu
22:54:05.074 [JavaFX Application Thread] DEBUG FXGLApplication      - Registering font factories with UI factory
22:54:05.496 [FXGL Background Thread 2 ] INFO  UpdaterService       - Your current version:  17
22:54:05.496 [FXGL Background Thread 2 ] INFO  UpdaterService       - Latest stable version: 21.1
22:54:06.327 [JavaFX Application Thread] DEBUG Menu                 - fireNewGame()
22:54:06.327 [JavaFX Application Thread] DEBUG GameApplicationServi - Starting new game
22:54:06.329 [JavaFX Application Thread] DEBUG PrimaryStageWindow   - Pop state: FXGLDefaultMenu
22:54:06.329 [JavaFX Application Thread] DEBUG Input                - Clearing active input actions
22:54:06.329 [JavaFX Application Thread] DEBUG GameApplicationServi - Removing overlay from FXGLDefaultMenu and adding to FXGLMainMenuDummyScene
22:54:06.330 [JavaFX Application Thread] DEBUG PrimaryStageWindow   - FXGLMainMenuDummyScene <- FXGLDefaultMenu
22:54:06.331 [JavaFX Application Thread] DEBUG Input                - Clearing active input actions
22:54:06.335 [JavaFX Application Thread] DEBUG GameApplicationServi - Removing overlay from FXGLMainMenuDummyScene and adding to FXGLLoadingScene
22:54:06.335 [JavaFX Application Thread] DEBUG PrimaryStageWindow   - FXGLMainMenuDummyScene -> FXGLLoadingScene
22:54:06.335 [JavaFX Application Thread] DEBUG GameApplicationServi - Clearing previous game
22:54:06.335 [JavaFX Application Thread] DEBUG GameScene            - Clearing game scene
22:54:06.335 [JavaFX Application Thread] DEBUG GameWorld            - Clearing game world
22:54:06.336 [JavaFX Application Thread] DEBUG PhysicsWorld         - Clearing physics world
22:54:06.338 [FXGL Background Thread 2 ] DEBUG FXGLApplication      - Initializing game
22:54:06.343 [FXGL Background Thread 2 ] DEBUG FXGLAssetLoaderServi - Loading from file system: file:/C:/Users/aryma/OneDrive/Escritorio/Simulador_restaurante-master/target/classes/assets/textures/restaurant.png
22:54:06.399 [FXGL Background Thread 2 ] INFO  FXGLApplication      - Game initialization took: 0.061 sec
22:54:06.408 [JavaFX Application Thread] DEBUG Input                - Clearing active input actions
22:54:06.412 [JavaFX Application Thread] DEBUG GameApplicationServi - Removing overlay from FXGLLoadingScene and adding to GameScene
22:54:06.412 [JavaFX Application Thread] DEBUG PrimaryStageWindow   - FXGLLoadingScene -> GameScene
22:54:06.416 [JavaFX Application Thread] DEBUG FXGLAssetLoaderServi - Loading from file system: file:/C:/Users/aryma/OneDrive/Escritorio/Simulador_restaurante-master/target/classes/assets/textures/player.png
22:54:06.419 [JavaFX Application Thread] WARN  GameWorld            - Entity is already attached to world
22:54:06.420 [JavaFX Application Thread] WARN  GameWorld            - Entity is already attached to world
22:54:06.431 [JavaFX Application Thread] WARN  GameWorld            - Entity is already attached to world
22:54:06.943 [JavaFX Application Thread] WARN  GameWorld            - Entity is already attached to world
22:54:07.967 [FXGL Background Thread 3 ] DEBUG Engine               - Logging environment variables
22:54:07.967 [FXGL Background Thread 3 ] DEBUG Engine               - achievements: []
22:54:07.967 [FXGL Background Thread 3 ] DEBUG Engine               - actualHeight: 1032.0
22:54:07.967 [FXGL Background Thread 3 ] DEBUG Engine               - actualHeightProperty: ReadOnlyDoubleProperty [value: 1032.0]
22:54:07.967 [FXGL Background Thread 3 ] DEBUG Engine               - actualWidth: 1007.0
22:54:07.967 [FXGL Background Thread 3 ] DEBUG Engine               - actualWidthProperty: ReadOnlyDoubleProperty [value: 1007.0]
22:54:07.967 [FXGL Background Thread 3 ] DEBUG Engine               - appIcon: fxgl_icon.png
22:54:07.967 [FXGL Background Thread 3 ] DEBUG Engine               - applicationMode: DEVELOPER
22:54:07.967 [FXGL Background Thread 3 ] DEBUG Engine               - cSSList: [fxgl_dark.css]
22:54:07.968 [FXGL Background Thread 3 ] DEBUG Engine               - collisionDetectionStrategy: BRUTE_FORCE
22:54:07.968 [FXGL Background Thread 3 ] DEBUG Engine               - configClass: Optional.empty
22:54:07.968 [FXGL Background Thread 3 ] DEBUG Engine               - credits: []
22:54:07.968 [FXGL Background Thread 3 ] DEBUG Engine               - defaultCursor: CursorInfo(imageName=fxgl_default_cursor.png, hotspotX=7.0, hotspotY=6.0)
22:54:07.968 [FXGL Background Thread 3 ] DEBUG Engine               - devBBoxColorProperty: ObjectProperty [value: 0xff0000ff]
22:54:07.968 [FXGL Background Thread 3 ] DEBUG Engine               - devEnableDebugCameraProperty: BooleanProperty [value: false]
22:54:07.968 [FXGL Background Thread 3 ] DEBUG Engine               - devSensorColorProperty: ObjectProperty [value: 0xffff00ff]
22:54:07.968 [FXGL Background Thread 3 ] DEBUG Engine               - devShowBBoxProperty: BooleanProperty [value: false]
22:54:07.968 [FXGL Background Thread 3 ] DEBUG Engine               - devShowPositionProperty: BooleanProperty [value: false]
22:54:07.968 [FXGL Background Thread 3 ] DEBUG Engine               - enabledMenuItems: []
22:54:07.968 [FXGL Background Thread 3 ] DEBUG Engine               - engineServices: [class com.almasb.fxgl.app.services.FXGLAssetLoaderService, class com.almasb.fxgl.app.FXGLApplication$GameApplicationService, class com.almasb.fxgl.app.services.FXGLDialogService, class com.almasb.fxgl.app.services.IOTaskExecutorService, class com.almasb.fxgl.io.FileSystemService, class com.almasb.fxgl.localization.LocalizationService, class com.almasb.fxgl.app.services.SystemBundleService, class com.almasb.fxgl.profile.SaveLoadService, class com.almasb.fxgl.ui.FXGLUIFactoryServiceProvider, class com.almasb.fxgl.ui.FXGLDialogFactoryServiceProvider, class com.almasb.fxgl.audio.AudioPlayer, class com.almasb.fxgl.notification.impl.NotificationServiceProvider, class com.almasb.fxgl.achievement.AchievementService, class com.almasb.fxgl.cutscene.CutsceneService, class com.almasb.fxgl.minigames.MiniGameService, class com.almasb.fxgl.net.NetService, class com.almasb.fxgl.app.services.UpdaterService, class com.almasb.fxgl.dev.DevService]
22:54:07.968 [FXGL Background Thread 3 ] DEBUG Engine               - fontGame: Abel-Regular.ttf
22:54:07.968 [FXGL Background Thread 3 ] DEBUG Engine               - fontMono: TerminalLandMono-Regular.otf
22:54:07.968 [FXGL Background Thread 3 ] DEBUG Engine               - fontText: Courier-Prime.ttf
22:54:07.968 [FXGL Background Thread 3 ] DEBUG Engine               - fontUI: VarelaRound-Regular.ttf
22:54:07.968 [FXGL Background Thread 3 ] DEBUG Engine               - fullScreen: BooleanProperty [value: false]
22:54:07.968 [FXGL Background Thread 3 ] DEBUG Engine               - gameDifficulty: MEDIUM
22:54:07.968 [FXGL Background Thread 3 ] DEBUG Engine               - gameDifficultyProperty: ObjectProperty [value: MEDIUM]
22:54:07.968 [FXGL Background Thread 3 ] DEBUG Engine               - globalMusicVolume: 0.5
22:54:07.968 [FXGL Background Thread 3 ] DEBUG Engine               - globalMusicVolumeProperty: DoubleProperty [value: 0.5]
22:54:07.969 [FXGL Background Thread 3 ] DEBUG Engine               - globalSoundVolume: 0.5
22:54:07.969 [FXGL Background Thread 3 ] DEBUG Engine               - globalSoundVolumeProperty: DoubleProperty [value: 0.5]
22:54:07.969 [FXGL Background Thread 3 ] DEBUG Engine               - height: 1600
22:54:07.969 [FXGL Background Thread 3 ] DEBUG Engine               - is3D: false
22:54:07.969 [FXGL Background Thread 3 ] DEBUG Engine               - isAndroid: false
22:54:07.969 [FXGL Background Thread 3 ] DEBUG Engine               - isBrowser: false
22:54:07.969 [FXGL Background Thread 3 ] DEBUG Engine               - isClickFeedbackEnabled: false
22:54:07.969 [FXGL Background Thread 3 ] DEBUG Engine               - isCloseConfirmation: false
22:54:07.969 [FXGL Background Thread 3 ] DEBUG Engine               - isDesktop: true
22:54:07.969 [FXGL Background Thread 3 ] DEBUG Engine               - isDeveloperMenuEnabled: false
22:54:07.969 [FXGL Background Thread 3 ] DEBUG Engine               - isEmbedded: false
22:54:07.969 [FXGL Background Thread 3 ] DEBUG Engine               - isEntityPreloadEnabled: true
22:54:07.969 [FXGL Background Thread 3 ] DEBUG Engine               - isExperimentalTiledLargeMap: false
22:54:07.969 [FXGL Background Thread 3 ] DEBUG Engine               - isFileSystemWriteAllowed: true
22:54:07.969 [FXGL Background Thread 3 ] DEBUG Engine               - isFullScreenAllowed: false
22:54:07.969 [FXGL Background Thread 3 ] DEBUG Engine               - isFullScreenFromStart: false
22:54:07.969 [FXGL Background Thread 3 ] DEBUG Engine               - isGameMenuEnabled: true
22:54:07.969 [FXGL Background Thread 3 ] DEBUG Engine               - isIOS: false
22:54:07.969 [FXGL Background Thread 3 ] DEBUG Engine               - isIntroEnabled: false
22:54:07.969 [FXGL Background Thread 3 ] DEBUG Engine               - isLinux: false
22:54:07.969 [FXGL Background Thread 3 ] DEBUG Engine               - isMac: false
22:54:07.969 [FXGL Background Thread 3 ] DEBUG Engine               - isMainMenuEnabled: true
22:54:07.969 [FXGL Background Thread 3 ] DEBUG Engine               - isManualResizeEnabled: true
22:54:07.969 [FXGL Background Thread 3 ] DEBUG Engine               - isMobile: false
22:54:07.969 [FXGL Background Thread 3 ] DEBUG Engine               - isNative: false
22:54:07.969 [FXGL Background Thread 3 ] DEBUG Engine               - isPauseMusicWhenMinimized: true
22:54:07.969 [FXGL Background Thread 3 ] DEBUG Engine               - isPreserveResizeRatio: true
22:54:07.970 [FXGL Background Thread 3 ] DEBUG Engine               - isProfilingEnabled: false
22:54:07.970 [FXGL Background Thread 3 ] DEBUG Engine               - isScaleAffectedOnResize: true
22:54:07.970 [FXGL Background Thread 3 ] DEBUG Engine               - isSingleStep: false
22:54:07.970 [FXGL Background Thread 3 ] DEBUG Engine               - isUserProfileEnabled: false
22:54:07.970 [FXGL Background Thread 3 ] DEBUG Engine               - isWindows: true
22:54:07.970 [FXGL Background Thread 3 ] DEBUG Engine               - language: ObjectProperty [value: ENGLISH]
22:54:07.970 [FXGL Background Thread 3 ] DEBUG Engine               - menuKey: ESCAPE
22:54:07.970 [FXGL Background Thread 3 ] DEBUG Engine               - mouseSensitivity: 0.2
22:54:07.970 [FXGL Background Thread 3 ] DEBUG Engine               - notificationViewClass: class com.almasb.fxgl.notification.view.XboxNotificationView
22:54:07.970 [FXGL Background Thread 3 ] DEBUG Engine               - pixelsPerMeter: 50.0
22:54:07.970 [FXGL Background Thread 3 ] DEBUG Engine               - platform: WINDOWS
22:54:07.970 [FXGL Background Thread 3 ] DEBUG Engine               - prefHeightProperty: ReadOnlyDoubleProperty [value: 1600.0]
22:54:07.970 [FXGL Background Thread 3 ] DEBUG Engine               - prefWidthProperty: ReadOnlyDoubleProperty [value: 1600.0]
22:54:07.970 [FXGL Background Thread 3 ] DEBUG Engine               - profileDir: profiles/
22:54:07.970 [FXGL Background Thread 3 ] DEBUG Engine               - profileName: StringProperty [value: DEFAULT]
22:54:07.970 [FXGL Background Thread 3 ] DEBUG Engine               - randomSeed: -1
22:54:07.970 [FXGL Background Thread 3 ] DEBUG Engine               - runtimeInfo: RuntimeInfo(platform=WINDOWS, version=17, build=31.12.2021 18.16)
22:54:07.970 [FXGL Background Thread 3 ] DEBUG Engine               - saveFileExt: sav
22:54:07.970 [FXGL Background Thread 3 ] DEBUG Engine               - scaledHeightProp$fxgl: DoubleProperty [bound, value: 1032.0]
22:54:07.970 [FXGL Background Thread 3 ] DEBUG Engine               - scaledWidthProp$fxgl: DoubleProperty [bound, value: 1007.0]
22:54:07.970 [FXGL Background Thread 3 ] DEBUG Engine               - sceneFactory: com.almasb.fxgl.app.scene.SceneFactory@78241487
22:54:07.970 [FXGL Background Thread 3 ] DEBUG Engine               - secondsIn24h: 60
22:54:07.970 [FXGL Background Thread 3 ] DEBUG Engine               - soundMenuBack: menu/back.wav
22:54:07.970 [FXGL Background Thread 3 ] DEBUG Engine               - soundMenuPress: menu/press.wav
22:54:07.970 [FXGL Background Thread 3 ] DEBUG Engine               - soundMenuSelect: menu/select.wav
22:54:07.970 [FXGL Background Thread 3 ] DEBUG Engine               - soundNotification: core/notification.wav
22:54:07.970 [FXGL Background Thread 3 ] DEBUG Engine               - stageStyle: DECORATED
22:54:07.970 [FXGL Background Thread 3 ] DEBUG Engine               - supportedLanguages: [ENGLISH, FRENCH, GERMAN, HUNGARIAN, RUSSIAN]
22:54:07.970 [FXGL Background Thread 3 ] DEBUG Engine               - ticksPerSecond: -1
22:54:07.970 [FXGL Background Thread 3 ] DEBUG Engine               - title: Restaurant simulator
22:54:07.970 [FXGL Background Thread 3 ] DEBUG Engine               - urlGithub: https://github.com/AlmasB/FXGL
22:54:07.970 [FXGL Background Thread 3 ] DEBUG Engine               - urlLeaderboard: http://fxgl-top.herokuapp.com/
22:54:07.970 [FXGL Background Thread 3 ] DEBUG Engine               - urlPOM: https://raw.githubusercontent.com/AlmasB/FXGL/release/README.md
22:54:07.970 [FXGL Background Thread 3 ] DEBUG Engine               - userAppClass: class game.RestaurantSimulate
22:54:07.970 [FXGL Background Thread 3 ] DEBUG Engine               - version: 0.0
22:54:07.970 [FXGL Background Thread 3 ] DEBUG Engine               - versionCheckDays: 7
22:54:07.970 [FXGL Background Thread 3 ] DEBUG Engine               - width: 1600
22:54:07.970 [FXGL Background Thread 3 ] DEBUG Engine               - Logging services
22:54:07.970 [FXGL Background Thread 3 ] DEBUG Engine               - class com.almasb.fxgl.app.services.FXGLAssetLoaderService
22:54:07.970 [FXGL Background Thread 3 ] DEBUG Engine               - class com.almasb.fxgl.app.FXGLApplication$GameApplicationService
22:54:07.970 [FXGL Background Thread 3 ] DEBUG Engine               - class com.almasb.fxgl.app.services.FXGLDialogService
22:54:07.970 [FXGL Background Thread 3 ] DEBUG Engine               - class com.almasb.fxgl.app.services.IOTaskExecutorService
22:54:07.970 [FXGL Background Thread 3 ] DEBUG Engine               - class com.almasb.fxgl.io.FileSystemService
22:54:07.970 [FXGL Background Thread 3 ] DEBUG Engine               - class com.almasb.fxgl.localization.LocalizationService
22:54:07.970 [FXGL Background Thread 3 ] DEBUG Engine               - class com.almasb.fxgl.app.services.SystemBundleService
22:54:07.972 [FXGL Background Thread 3 ] DEBUG Engine               - class com.almasb.fxgl.profile.SaveLoadService
22:54:07.972 [FXGL Background Thread 3 ] DEBUG Engine               - class com.almasb.fxgl.ui.FXGLUIFactoryServiceProvider
22:54:07.972 [FXGL Background Thread 3 ] DEBUG Engine               - class com.almasb.fxgl.ui.FXGLDialogFactoryServiceProvider
22:54:07.972 [FXGL Background Thread 3 ] DEBUG Engine               - class com.almasb.fxgl.audio.AudioPlayer
22:54:07.972 [FXGL Background Thread 3 ] DEBUG Engine               - class com.almasb.fxgl.notification.impl.NotificationServiceProvider
22:54:07.972 [FXGL Background Thread 3 ] DEBUG Engine               - class com.almasb.fxgl.achievement.AchievementService
22:54:07.972 [FXGL Background Thread 3 ] DEBUG Engine               - class com.almasb.fxgl.cutscene.CutsceneService
22:54:07.972 [FXGL Background Thread 3 ] DEBUG Engine               - class com.almasb.fxgl.minigames.MiniGameService
22:54:07.972 [FXGL Background Thread 3 ] DEBUG Engine               - class com.almasb.fxgl.net.NetService
22:54:07.972 [FXGL Background Thread 3 ] DEBUG Engine               - class com.almasb.fxgl.app.services.UpdaterService
22:54:07.972 [FXGL Background Thread 3 ] DEBUG Engine               - class com.almasb.fxgl.dev.DevService
22:54:08.382 [JavaFX Application Thread] WARN  GameWorld            - Entity is already attached to world
22:54:09.263 [JavaFX Application Thread] WARN  GameWorld            - Entity is already attached to world
22:54:09.710 [JavaFX Application Thread] WARN  GameWorld            - Entity is already attached to world
22:54:10.719 [JavaFX Application Thread] WARN  GameWorld            - Entity is already attached to world
22:54:10.815 [JavaFX Application Thread] WARN  GameWorld            - Entity is already attached to world
22:54:11.167 [JavaFX Application Thread] WARN  GameWorld            - Entity is already attached to world
22:54:11.454 [JavaFX Application Thread] WARN  GameWorld            - Entity is already attached to world
22:54:12.927 [JavaFX Application Thread] WARN  GameWorld            - Entity is already attached to world
22:54:14.014 [JavaFX Application Thread] WARN  GameWorld            - Entity is already attached to world
22:54:14.702 [JavaFX Application Thread] WARN  GameWorld            - Entity is already attached to world
22:54:18.127 [JavaFX Application Thread] WARN  GameWorld            - Entity is already attached to world
22:54:18.511 [JavaFX Application Thread] WARN  GameWorld            - Entity is already attached to world
22:54:18.724 [JavaFX Application Thread] DEBUG FXGLApplication      - Exiting FXGL
22:54:18.724 [JavaFX Application Thread] DEBUG LoopRunner           - Stopping loop
22:54:18.724 [JavaFX Application Thread] DEBUG SystemBundleService  - Saving FXGL system data
22:54:18.726 [JavaFX Application Thread] DEBUG FileSystemAccess     - Writing to: C:\Users\aryma\OneDrive\Escritorio\Simulador_restaurante-master\system\fxgl.bundle
22:54:18.727 [JavaFX Application Thread] DEBUG Async                - Shutting down background threads
22:54:18.727 [JavaFX Application Thread] DEBUG PrimaryStageWindow   - Closing main window
22:54:18.736 [JavaFX Application Thread] DEBUG Logger               - Closing Logger
