23:02:55.904 [main                     ] DEBUG Logger               - Configured Logger
23:02:55.925 [main                     ] DEBUG GameApplication      - Logging settings
Title: Restaurant simulator
Version: 0.0
Width: 1600
Height: 1600
Fullscreen: false
Intro: false
Profiling: false
Single step:false
App Mode: DEVELOPER
Menu Key: ESCAPE
Stage Style: DECORATED
Scene Factory: class com.almasb.fxgl.app.scene.SceneFactory

23:02:56.290 [JavaFX Application Thread] DEBUG FXGLApplication      - Initializing FXGL
23:02:56.294 [JavaFX Application Thread] INFO  Engine               - FXGL-17 (31.12.2021 18.16) on WINDOWS (J:17.0.12 FX:17.0.0.1)
23:02:56.295 [JavaFX Application Thread] DEBUG Engine               - JRE Vendor Name: Oracle Corporation
23:02:56.295 [JavaFX Application Thread] DEBUG Engine               - Running on OS: Windows 11 version 10.0
23:02:56.295 [JavaFX Application Thread] DEBUG Engine               - Architecture: amd64
23:02:56.295 [JavaFX Application Thread] INFO  Engine               - Source code and latest versions at: https://github.com/AlmasB/FXGL
23:02:56.295 [JavaFX Application Thread] INFO  Engine               -       Ask questions and discuss at: https://github.com/AlmasB/FXGL/discussions
23:02:56.295 [JavaFX Application Thread] INFO  Engine               -              Join the FXGL chat at: https://gitter.im/AlmasB/FXGL
23:02:56.381 [JavaFX Application Thread] DEBUG PrimaryStageWindow   - Creating a JavaFX scene
23:02:56.381 [JavaFX Application Thread] DEBUG PrimaryStageWindow   - Target size > screen size
23:02:56.414 [JavaFX Application Thread] DEBUG PrimaryStageWindow   - Target settings size: 1600.0 x 1600.0
23:02:56.415 [JavaFX Application Thread] DEBUG PrimaryStageWindow   - Scaled scene size:    1007.0 x 1032.0
23:02:56.415 [JavaFX Application Thread] DEBUG PrimaryStageWindow   - Scaled ratio: (0.629375, 0.645)
23:02:56.416 [JavaFX Application Thread] DEBUG PrimaryStageWindow   - Set initial scene to FXGLStartupScene
23:02:56.421 [JavaFX Application Thread] DEBUG PrimaryStageWindow   - Opening main window
23:02:56.492 [JavaFX Application Thread] DEBUG PrimaryStageWindow   - Window border size: (16.0, 39.0)
23:02:56.492 [JavaFX Application Thread] DEBUG PrimaryStageWindow   - Scaled size: 1007.0 x 1032.0
23:02:56.492 [JavaFX Application Thread] DEBUG PrimaryStageWindow   - Scaled ratio: (0.629375, 0.629375)
23:02:56.493 [JavaFX Application Thread] DEBUG PrimaryStageWindow   - Scene size: 1007.0 x 1032.0
23:02:56.493 [JavaFX Application Thread] DEBUG PrimaryStageWindow   - Stage size: 1023.0 x 1071.0
23:02:56.498 [FXGL Background Thread 1 ] DEBUG Engine               - Initializing environment variables
23:02:56.527 [FXGL Background Thread 1 ] DEBUG FXGLAssetLoaderServi - User app class for loading assets: class game.RestaurantSimulate
23:02:56.527 [FXGL Background Thread 1 ] DEBUG GameApplicationServi - Applying CSS: fxgl_dark.css
23:02:56.527 [FXGL Background Thread 1 ] DEBUG FXGLAssetLoaderServi - Loading from file system: jar:file:/C:/Users/aryma/.m2/repository/com/github/almasb/fxgl/17/fxgl-17.jar!/fxglassets/ui/css/fxgl_dark.css
23:02:56.557 [FXGL Background Thread 1 ] DEBUG GameApplicationServi - Initializing application scenes
23:02:56.587 [FXGL Background Thread 1 ] DEBUG GameWorld            - Game world initialized
23:02:56.627 [FXGL Background Thread 1 ] DEBUG PhysicsWorld         - Physics world initialized: appHeight=1600, physics.ppm=50.0
23:02:56.627 [FXGL Background Thread 1 ] DEBUG PhysicsWorld         - Using strategy: BRUTE_FORCE
23:02:56.632 [FXGL Background Thread 1 ] DEBUG GameScene            - Game scene initialized: 1600x1600
23:02:56.642 [FXGL Background Thread 1 ] DEBUG FXGL.DefaultMenu     - createMenuBodyMainMenu()
23:02:56.656 [FXGL Background Thread 1 ] DEBUG FXGL.DefaultMenu     - createOptionsMenu()
23:02:56.664 [FXGL Background Thread 1 ] DEBUG FXGLAssetLoaderServi - Loading from file system: jar:file:/C:/Users/aryma/.m2/repository/com/github/almasb/fxgl/17/fxgl-17.jar!/fxglassets/textures/particles/smoke.png
23:02:56.746 [FXGL Background Thread 1 ] DEBUG FXGLAssetLoaderServi - Loading from file system: jar:file:/C:/Users/aryma/.m2/repository/com/github/almasb/fxgl/17/fxgl-17.jar!/fxglassets/textures/particles/trace_horizontal.png
23:02:56.767 [FXGL Background Thread 1 ] DEBUG FXGL.DefaultMenu     - createMenuBodyGameMenu()
23:02:56.768 [FXGL Background Thread 1 ] DEBUG FXGL.DefaultMenu     - createOptionsMenu()
23:02:56.780 [FXGL Background Thread 1 ] DEBUG GameApplicationServi - Application scenes initialized
23:02:56.791 [FXGL Background Thread 1 ] DEBUG SystemBundleService  - Loading FXGL system data
23:02:56.794 [FXGL Background Thread 1 ] DEBUG FileSystemAccess     - Reading from: C:\Users\aryma\OneDrive\Escritorio\Simulador_restaurante-master\system\fxgl.bundle
23:02:56.798 [FXGL Background Thread 1 ] DEBUG SystemBundleService  - Bundle FXGL: {}
23:02:56.798 [FXGL Background Thread 1 ] DEBUG UpdaterService       - Checking for updates
23:02:56.802 [FXGL Background Thread 4 ] DEBUG FXGLApplication      - Loading fonts
23:02:56.803 [FXGL Background Thread 4 ] DEBUG FXGLAssetLoaderServi - Loading from file system: jar:file:/C:/Users/aryma/.m2/repository/com/github/almasb/fxgl/17/fxgl-17.jar!/fxglassets/ui/fonts/VarelaRound-Regular.ttf
23:02:56.803 [FXGL Background Thread 1 ] DEBUG FXGLApplication      - Loading default localization
23:02:56.804 [FXGL Background Thread 1 ] DEBUG FXGLAssetLoaderServi - Loading from file system: jar:file:/C:/Users/aryma/.m2/repository/com/github/almasb/fxgl/17/fxgl-17.jar!/fxglassets/languages/english.lang
23:02:56.838 [FXGL Background Thread 1 ] INFO  FXGLApplication      - FXGL initialization took: 0.339 sec
23:02:56.839 [JavaFX Application Thread] DEBUG FXGLAssetLoaderServi - Loading from file system: jar:file:/C:/Users/aryma/.m2/repository/com/github/almasb/fxgl/17/fxgl-17.jar!/fxglassets/textures/fxgl_icon.png
23:02:56.849 [FXGL Background Thread 4 ] DEBUG FXGLAssetLoaderServi - Loading from file system: jar:file:/C:/Users/aryma/.m2/repository/com/github/almasb/fxgl/17/fxgl-17.jar!/fxglassets/ui/fonts/Abel-Regular.ttf
23:02:56.853 [FXGL Background Thread 4 ] DEBUG FXGLAssetLoaderServi - Loading from file system: jar:file:/C:/Users/aryma/.m2/repository/com/github/almasb/fxgl/17/fxgl-17.jar!/fxglassets/ui/fonts/TerminalLandMono-Regular.otf
23:02:56.858 [FXGL Background Thread 4 ] DEBUG FXGLAssetLoaderServi - Loading from file system: jar:file:/C:/Users/aryma/.m2/repository/com/github/almasb/fxgl/17/fxgl-17.jar!/fxglassets/ui/fonts/Courier-Prime.ttf
23:02:56.858 [JavaFX Application Thread] DEBUG FXGLAssetLoaderServi - Loading from file system: jar:file:/C:/Users/aryma/.m2/repository/com/github/almasb/fxgl/17/fxgl-17.jar!/fxglassets/textures/fxgl_default_cursor.png
23:02:56.877 [JavaFX Application Thread] DEBUG Input                - Registered new binding: Screenshot - CTRL+8
23:02:56.878 [JavaFX Application Thread] DEBUG Input                - Registered new binding: System info dump - CTRL+9
23:02:56.878 [JavaFX Application Thread] DEBUG Input                - Registered new binding: Restart - CTRL+R
23:02:56.878 [JavaFX Application Thread] DEBUG Input                - Registered new binding: Toggle Debug Camera - CTRL+7
23:02:56.881 [JavaFX Application Thread] DEBUG LoopRunner           - Starting loop
23:02:56.881 [JavaFX Application Thread] DEBUG LoopRunner           - Initializing JavaFX AnimationTimerLoop
23:02:56.885 [JavaFX Application Thread] DEBUG Input                - Clearing active input actions
23:02:56.893 [JavaFX Application Thread] DEBUG GameApplicationServi - Removing overlay from FXGLStartupScene and adding to FXGLMainMenuDummyScene
23:02:56.893 [JavaFX Application Thread] DEBUG PrimaryStageWindow   - FXGLStartupScene -> FXGLMainMenuDummyScene
23:02:56.893 [JavaFX Application Thread] DEBUG PrimaryStageWindow   - Push state: FXGLDefaultMenu
23:02:56.906 [JavaFX Application Thread] DEBUG Input                - Clearing active input actions
23:02:56.924 [JavaFX Application Thread] DEBUG GameApplicationServi - Removing overlay from FXGLMainMenuDummyScene and adding to FXGLDefaultMenu
23:02:56.924 [JavaFX Application Thread] DEBUG PrimaryStageWindow   - FXGLMainMenuDummyScene -> FXGLDefaultMenu
23:02:56.936 [JavaFX Application Thread] DEBUG FXGLApplication      - Registering font factories with UI factory
23:02:57.327 [FXGL Background Thread 2 ] INFO  UpdaterService       - Your current version:  17
23:02:57.328 [FXGL Background Thread 2 ] INFO  UpdaterService       - Latest stable version: 21.1
23:02:58.287 [JavaFX Application Thread] DEBUG Menu                 - fireNewGame()
23:02:58.287 [JavaFX Application Thread] DEBUG GameApplicationServi - Starting new game
23:02:58.288 [JavaFX Application Thread] DEBUG PrimaryStageWindow   - Pop state: FXGLDefaultMenu
23:02:58.288 [JavaFX Application Thread] DEBUG Input                - Clearing active input actions
23:02:58.288 [JavaFX Application Thread] DEBUG GameApplicationServi - Removing overlay from FXGLDefaultMenu and adding to FXGLMainMenuDummyScene
23:02:58.289 [JavaFX Application Thread] DEBUG PrimaryStageWindow   - FXGLMainMenuDummyScene <- FXGLDefaultMenu
23:02:58.290 [JavaFX Application Thread] DEBUG Input                - Clearing active input actions
23:02:58.295 [JavaFX Application Thread] DEBUG GameApplicationServi - Removing overlay from FXGLMainMenuDummyScene and adding to FXGLLoadingScene
23:02:58.295 [JavaFX Application Thread] DEBUG PrimaryStageWindow   - FXGLMainMenuDummyScene -> FXGLLoadingScene
23:02:58.295 [JavaFX Application Thread] DEBUG GameApplicationServi - Clearing previous game
23:02:58.295 [JavaFX Application Thread] DEBUG GameScene            - Clearing game scene
23:02:58.295 [JavaFX Application Thread] DEBUG GameWorld            - Clearing game world
23:02:58.295 [JavaFX Application Thread] DEBUG PhysicsWorld         - Clearing physics world
23:02:58.298 [FXGL Background Thread 2 ] DEBUG FXGLApplication      - Initializing game
23:02:58.303 [FXGL Background Thread 2 ] DEBUG FXGLAssetLoaderServi - Loading from file system: file:/C:/Users/aryma/OneDrive/Escritorio/Simulador_restaurante-master/target/classes/assets/textures/restaurant.png
23:02:58.363 [FXGL Background Thread 2 ] INFO  FXGLApplication      - Game initialization took: 0.066 sec
23:02:58.370 [JavaFX Application Thread] DEBUG Input                - Clearing active input actions
23:02:58.373 [JavaFX Application Thread] DEBUG GameApplicationServi - Removing overlay from FXGLLoadingScene and adding to GameScene
23:02:58.374 [JavaFX Application Thread] DEBUG PrimaryStageWindow   - FXGLLoadingScene -> GameScene
23:02:58.376 [JavaFX Application Thread] DEBUG FXGLAssetLoaderServi - Loading from file system: file:/C:/Users/aryma/OneDrive/Escritorio/Simulador_restaurante-master/target/classes/assets/textures/player.png
23:02:58.379 [JavaFX Application Thread] WARN  GameWorld            - Entity is already attached to world
23:02:58.380 [JavaFX Application Thread] WARN  GameWorld            - Entity is already attached to world
23:02:58.695 [JavaFX Application Thread] WARN  GameWorld            - Entity is already attached to world
23:02:58.871 [JavaFX Application Thread] WARN  GameWorld            - Entity is already attached to world
23:02:58.999 [JavaFX Application Thread] WARN  GameWorld            - Entity is already attached to world
23:02:59.802 [FXGL Background Thread 3 ] DEBUG Engine               - Logging environment variables
23:02:59.802 [FXGL Background Thread 3 ] DEBUG Engine               - achievements: []
23:02:59.802 [FXGL Background Thread 3 ] DEBUG Engine               - actualHeight: 1032.0
23:02:59.802 [FXGL Background Thread 3 ] DEBUG Engine               - actualHeightProperty: ReadOnlyDoubleProperty [value: 1032.0]
23:02:59.802 [FXGL Background Thread 3 ] DEBUG Engine               - actualWidth: 1007.0
23:02:59.802 [FXGL Background Thread 3 ] DEBUG Engine               - actualWidthProperty: ReadOnlyDoubleProperty [value: 1007.0]
23:02:59.802 [FXGL Background Thread 3 ] DEBUG Engine               - appIcon: fxgl_icon.png
23:02:59.803 [FXGL Background Thread 3 ] DEBUG Engine               - applicationMode: DEVELOPER
23:02:59.803 [FXGL Background Thread 3 ] DEBUG Engine               - cSSList: [fxgl_dark.css]
23:02:59.803 [FXGL Background Thread 3 ] DEBUG Engine               - collisionDetectionStrategy: BRUTE_FORCE
23:02:59.803 [FXGL Background Thread 3 ] DEBUG Engine               - configClass: Optional.empty
23:02:59.803 [FXGL Background Thread 3 ] DEBUG Engine               - credits: []
23:02:59.803 [FXGL Background Thread 3 ] DEBUG Engine               - defaultCursor: CursorInfo(imageName=fxgl_default_cursor.png, hotspotX=7.0, hotspotY=6.0)
23:02:59.803 [FXGL Background Thread 3 ] DEBUG Engine               - devBBoxColorProperty: ObjectProperty [value: 0xff0000ff]
23:02:59.803 [FXGL Background Thread 3 ] DEBUG Engine               - devEnableDebugCameraProperty: BooleanProperty [value: false]
23:02:59.803 [FXGL Background Thread 3 ] DEBUG Engine               - devSensorColorProperty: ObjectProperty [value: 0xffff00ff]
23:02:59.803 [FXGL Background Thread 3 ] DEBUG Engine               - devShowBBoxProperty: BooleanProperty [value: false]
23:02:59.803 [FXGL Background Thread 3 ] DEBUG Engine               - devShowPositionProperty: BooleanProperty [value: false]
23:02:59.803 [FXGL Background Thread 3 ] DEBUG Engine               - enabledMenuItems: []
23:02:59.803 [FXGL Background Thread 3 ] DEBUG Engine               - engineServices: [class com.almasb.fxgl.app.services.FXGLAssetLoaderService, class com.almasb.fxgl.app.FXGLApplication$GameApplicationService, class com.almasb.fxgl.app.services.FXGLDialogService, class com.almasb.fxgl.app.services.IOTaskExecutorService, class com.almasb.fxgl.io.FileSystemService, class com.almasb.fxgl.localization.LocalizationService, class com.almasb.fxgl.app.services.SystemBundleService, class com.almasb.fxgl.profile.SaveLoadService, class com.almasb.fxgl.ui.FXGLUIFactoryServiceProvider, class com.almasb.fxgl.ui.FXGLDialogFactoryServiceProvider, class com.almasb.fxgl.audio.AudioPlayer, class com.almasb.fxgl.notification.impl.NotificationServiceProvider, class com.almasb.fxgl.achievement.AchievementService, class com.almasb.fxgl.cutscene.CutsceneService, class com.almasb.fxgl.minigames.MiniGameService, class com.almasb.fxgl.net.NetService, class com.almasb.fxgl.app.services.UpdaterService, class com.almasb.fxgl.dev.DevService]
23:02:59.803 [FXGL Background Thread 3 ] DEBUG Engine               - fontGame: Abel-Regular.ttf
23:02:59.803 [FXGL Background Thread 3 ] DEBUG Engine               - fontMono: TerminalLandMono-Regular.otf
23:02:59.803 [FXGL Background Thread 3 ] DEBUG Engine               - fontText: Courier-Prime.ttf
23:02:59.803 [FXGL Background Thread 3 ] DEBUG Engine               - fontUI: VarelaRound-Regular.ttf
23:02:59.804 [FXGL Background Thread 3 ] DEBUG Engine               - fullScreen: BooleanProperty [value: false]
23:02:59.804 [FXGL Background Thread 3 ] DEBUG Engine               - gameDifficulty: MEDIUM
23:02:59.804 [FXGL Background Thread 3 ] DEBUG Engine               - gameDifficultyProperty: ObjectProperty [value: MEDIUM]
23:02:59.804 [FXGL Background Thread 3 ] DEBUG Engine               - globalMusicVolume: 0.5
23:02:59.804 [FXGL Background Thread 3 ] DEBUG Engine               - globalMusicVolumeProperty: DoubleProperty [value: 0.5]
23:02:59.804 [FXGL Background Thread 3 ] DEBUG Engine               - globalSoundVolume: 0.5
23:02:59.804 [FXGL Background Thread 3 ] DEBUG Engine               - globalSoundVolumeProperty: DoubleProperty [value: 0.5]
23:02:59.804 [FXGL Background Thread 3 ] DEBUG Engine               - height: 1600
23:02:59.804 [FXGL Background Thread 3 ] DEBUG Engine               - is3D: false
23:02:59.804 [FXGL Background Thread 3 ] DEBUG Engine               - isAndroid: false
23:02:59.804 [FXGL Background Thread 3 ] DEBUG Engine               - isBrowser: false
23:02:59.804 [FXGL Background Thread 3 ] DEBUG Engine               - isClickFeedbackEnabled: false
23:02:59.804 [FXGL Background Thread 3 ] DEBUG Engine               - isCloseConfirmation: false
23:02:59.804 [FXGL Background Thread 3 ] DEBUG Engine               - isDesktop: true
23:02:59.805 [FXGL Background Thread 3 ] DEBUG Engine               - isDeveloperMenuEnabled: false
23:02:59.805 [FXGL Background Thread 3 ] DEBUG Engine               - isEmbedded: false
23:02:59.805 [FXGL Background Thread 3 ] DEBUG Engine               - isEntityPreloadEnabled: true
23:02:59.805 [FXGL Background Thread 3 ] DEBUG Engine               - isExperimentalTiledLargeMap: false
23:02:59.805 [FXGL Background Thread 3 ] DEBUG Engine               - isFileSystemWriteAllowed: true
23:02:59.805 [FXGL Background Thread 3 ] DEBUG Engine               - isFullScreenAllowed: false
23:02:59.805 [FXGL Background Thread 3 ] DEBUG Engine               - isFullScreenFromStart: false
23:02:59.805 [FXGL Background Thread 3 ] DEBUG Engine               - isGameMenuEnabled: true
23:02:59.805 [FXGL Background Thread 3 ] DEBUG Engine               - isIOS: false
23:02:59.805 [FXGL Background Thread 3 ] DEBUG Engine               - isIntroEnabled: false
23:02:59.805 [FXGL Background Thread 3 ] DEBUG Engine               - isLinux: false
23:02:59.805 [FXGL Background Thread 3 ] DEBUG Engine               - isMac: false
23:02:59.805 [FXGL Background Thread 3 ] DEBUG Engine               - isMainMenuEnabled: true
23:02:59.805 [FXGL Background Thread 3 ] DEBUG Engine               - isManualResizeEnabled: true
23:02:59.805 [FXGL Background Thread 3 ] DEBUG Engine               - isMobile: false
23:02:59.805 [FXGL Background Thread 3 ] DEBUG Engine               - isNative: false
23:02:59.805 [FXGL Background Thread 3 ] DEBUG Engine               - isPauseMusicWhenMinimized: true
23:02:59.805 [FXGL Background Thread 3 ] DEBUG Engine               - isPreserveResizeRatio: true
23:02:59.805 [FXGL Background Thread 3 ] DEBUG Engine               - isProfilingEnabled: false
23:02:59.805 [FXGL Background Thread 3 ] DEBUG Engine               - isScaleAffectedOnResize: true
23:02:59.805 [FXGL Background Thread 3 ] DEBUG Engine               - isSingleStep: false
23:02:59.805 [FXGL Background Thread 3 ] DEBUG Engine               - isUserProfileEnabled: false
23:02:59.805 [FXGL Background Thread 3 ] DEBUG Engine               - isWindows: true
23:02:59.805 [FXGL Background Thread 3 ] DEBUG Engine               - language: ObjectProperty [value: ENGLISH]
23:02:59.805 [FXGL Background Thread 3 ] DEBUG Engine               - menuKey: ESCAPE
23:02:59.806 [FXGL Background Thread 3 ] DEBUG Engine               - mouseSensitivity: 0.2
23:02:59.806 [FXGL Background Thread 3 ] DEBUG Engine               - notificationViewClass: class com.almasb.fxgl.notification.view.XboxNotificationView
23:02:59.806 [FXGL Background Thread 3 ] DEBUG Engine               - pixelsPerMeter: 50.0
23:02:59.806 [FXGL Background Thread 3 ] DEBUG Engine               - platform: WINDOWS
23:02:59.806 [FXGL Background Thread 3 ] DEBUG Engine               - prefHeightProperty: ReadOnlyDoubleProperty [value: 1600.0]
23:02:59.806 [FXGL Background Thread 3 ] DEBUG Engine               - prefWidthProperty: ReadOnlyDoubleProperty [value: 1600.0]
23:02:59.806 [FXGL Background Thread 3 ] DEBUG Engine               - profileDir: profiles/
23:02:59.806 [FXGL Background Thread 3 ] DEBUG Engine               - profileName: StringProperty [value: DEFAULT]
23:02:59.806 [FXGL Background Thread 3 ] DEBUG Engine               - randomSeed: -1
23:02:59.806 [FXGL Background Thread 3 ] DEBUG Engine               - runtimeInfo: RuntimeInfo(platform=WINDOWS, version=17, build=31.12.2021 18.16)
23:02:59.806 [FXGL Background Thread 3 ] DEBUG Engine               - saveFileExt: sav
23:02:59.806 [FXGL Background Thread 3 ] DEBUG Engine               - scaledHeightProp$fxgl: DoubleProperty [bound, value: 1032.0]
23:02:59.806 [FXGL Background Thread 3 ] DEBUG Engine               - scaledWidthProp$fxgl: DoubleProperty [bound, value: 1007.0]
23:02:59.806 [FXGL Background Thread 3 ] DEBUG Engine               - sceneFactory: com.almasb.fxgl.app.scene.SceneFactory@b39540f
23:02:59.806 [FXGL Background Thread 3 ] DEBUG Engine               - secondsIn24h: 60
23:02:59.806 [FXGL Background Thread 3 ] DEBUG Engine               - soundMenuBack: menu/back.wav
23:02:59.806 [FXGL Background Thread 3 ] DEBUG Engine               - soundMenuPress: menu/press.wav
23:02:59.806 [FXGL Background Thread 3 ] DEBUG Engine               - soundMenuSelect: menu/select.wav
23:02:59.806 [FXGL Background Thread 3 ] DEBUG Engine               - soundNotification: core/notification.wav
23:02:59.806 [FXGL Background Thread 3 ] DEBUG Engine               - stageStyle: DECORATED
23:02:59.807 [FXGL Background Thread 3 ] DEBUG Engine               - supportedLanguages: [ENGLISH, FRENCH, GERMAN, HUNGARIAN, RUSSIAN]
23:02:59.807 [FXGL Background Thread 3 ] DEBUG Engine               - ticksPerSecond: -1
23:02:59.807 [FXGL Background Thread 3 ] DEBUG Engine               - title: Restaurant simulator
23:02:59.807 [FXGL Background Thread 3 ] DEBUG Engine               - urlGithub: https://github.com/AlmasB/FXGL
23:02:59.807 [FXGL Background Thread 3 ] DEBUG Engine               - urlLeaderboard: http://fxgl-top.herokuapp.com/
23:02:59.807 [FXGL Background Thread 3 ] DEBUG Engine               - urlPOM: https://raw.githubusercontent.com/AlmasB/FXGL/release/README.md
23:02:59.807 [FXGL Background Thread 3 ] DEBUG Engine               - userAppClass: class game.RestaurantSimulate
23:02:59.807 [FXGL Background Thread 3 ] DEBUG Engine               - version: 0.0
23:02:59.807 [FXGL Background Thread 3 ] DEBUG Engine               - versionCheckDays: 7
23:02:59.807 [FXGL Background Thread 3 ] DEBUG Engine               - width: 1600
23:02:59.807 [FXGL Background Thread 3 ] DEBUG Engine               - Logging services
23:02:59.807 [FXGL Background Thread 3 ] DEBUG Engine               - class com.almasb.fxgl.app.services.FXGLAssetLoaderService
23:02:59.807 [FXGL Background Thread 3 ] DEBUG Engine               - class com.almasb.fxgl.app.FXGLApplication$GameApplicationService
23:02:59.807 [FXGL Background Thread 3 ] DEBUG Engine               - class com.almasb.fxgl.app.services.FXGLDialogService
23:02:59.807 [FXGL Background Thread 3 ] DEBUG Engine               - class com.almasb.fxgl.app.services.IOTaskExecutorService
23:02:59.807 [FXGL Background Thread 3 ] DEBUG Engine               - class com.almasb.fxgl.io.FileSystemService
23:02:59.807 [FXGL Background Thread 3 ] DEBUG Engine               - class com.almasb.fxgl.localization.LocalizationService
23:02:59.807 [FXGL Background Thread 3 ] DEBUG Engine               - class com.almasb.fxgl.app.services.SystemBundleService
23:02:59.807 [FXGL Background Thread 3 ] DEBUG Engine               - class com.almasb.fxgl.profile.SaveLoadService
23:02:59.807 [FXGL Background Thread 3 ] DEBUG Engine               - class com.almasb.fxgl.ui.FXGLUIFactoryServiceProvider
23:02:59.807 [FXGL Background Thread 3 ] DEBUG Engine               - class com.almasb.fxgl.ui.FXGLDialogFactoryServiceProvider
23:02:59.807 [FXGL Background Thread 3 ] DEBUG Engine               - class com.almasb.fxgl.audio.AudioPlayer
23:02:59.807 [FXGL Background Thread 3 ] DEBUG Engine               - class com.almasb.fxgl.notification.impl.NotificationServiceProvider
23:02:59.807 [FXGL Background Thread 3 ] DEBUG Engine               - class com.almasb.fxgl.achievement.AchievementService
23:02:59.807 [FXGL Background Thread 3 ] DEBUG Engine               - class com.almasb.fxgl.cutscene.CutsceneService
23:02:59.807 [FXGL Background Thread 3 ] DEBUG Engine               - class com.almasb.fxgl.minigames.MiniGameService
23:02:59.807 [FXGL Background Thread 3 ] DEBUG Engine               - class com.almasb.fxgl.net.NetService
23:02:59.807 [FXGL Background Thread 3 ] DEBUG Engine               - class com.almasb.fxgl.app.services.UpdaterService
23:02:59.807 [FXGL Background Thread 3 ] DEBUG Engine               - class com.almasb.fxgl.dev.DevService
23:03:00.087 [JavaFX Application Thread] WARN  GameWorld            - Entity is already attached to world
23:03:01.431 [JavaFX Application Thread] WARN  GameWorld            - Entity is already attached to world
23:03:01.528 [JavaFX Application Thread] WARN  GameWorld            - Entity is already attached to world
23:03:01.751 [JavaFX Application Thread] WARN  GameWorld            - Entity is already attached to world
23:03:03.511 [JavaFX Application Thread] WARN  GameWorld            - Entity is already attached to world
23:03:04.423 [JavaFX Application Thread] WARN  GameWorld            - Entity is already attached to world
23:03:06.408 [JavaFX Application Thread] WARN  GameWorld            - Entity is already attached to world
23:03:07.831 [JavaFX Application Thread] WARN  GameWorld            - Entity is already attached to world
23:03:13.863 [JavaFX Application Thread] WARN  GameWorld            - Entity is already attached to world
23:03:14.839 [JavaFX Application Thread] WARN  GameWorld            - Entity is already attached to world
23:03:15.383 [JavaFX Application Thread] WARN  GameWorld            - Entity is already attached to world
23:03:15.448 [JavaFX Application Thread] WARN  GameWorld            - Entity is already attached to world
23:03:16.343 [JavaFX Application Thread] WARN  GameWorld            - Entity is already attached to world
23:03:17.486 [JavaFX Application Thread] WARN  GameWorld            - Entity is already attached to world
23:03:19.965 [JavaFX Application Thread] WARN  GameWorld            - Entity is already attached to world
23:03:23.757 [JavaFX Application Thread] WARN  GameWorld            - Entity is already attached to world
23:03:26.685 [JavaFX Application Thread] WARN  GameWorld            - Entity is already attached to world
23:03:26.841 [JavaFX Application Thread] WARN  GameWorld            - Entity is already attached to world
23:03:28.429 [JavaFX Application Thread] WARN  GameWorld            - Entity is already attached to world
23:03:31.815 [JavaFX Application Thread] WARN  GameWorld            - Entity is already attached to world
23:03:33.800 [JavaFX Application Thread] WARN  GameWorld            - Entity is already attached to world
23:03:36.425 [JavaFX Application Thread] WARN  GameWorld            - Entity is already attached to world
23:03:36.706 [JavaFX Application Thread] WARN  GameWorld            - Entity is already attached to world
23:03:38.120 [JavaFX Application Thread] WARN  GameWorld            - Entity is already attached to world
23:03:44.176 [JavaFX Application Thread] WARN  GameWorld            - Entity is already attached to world
23:04:55.249 [JavaFX Application Thread] WARN  GameWorld            - Entity is already attached to world
23:05:00.569 [JavaFX Application Thread] DEBUG FXGLApplication      - Exiting FXGL
23:05:00.569 [JavaFX Application Thread] DEBUG LoopRunner           - Stopping loop
23:05:00.569 [JavaFX Application Thread] DEBUG SystemBundleService  - Saving FXGL system data
23:05:00.571 [JavaFX Application Thread] DEBUG FileSystemAccess     - Writing to: C:\Users\aryma\OneDrive\Escritorio\Simulador_restaurante-master\system\fxgl.bundle
23:05:00.572 [JavaFX Application Thread] DEBUG Async                - Shutting down background threads
23:05:00.572 [JavaFX Application Thread] DEBUG PrimaryStageWindow   - Closing main window
23:05:00.581 [JavaFX Application Thread] DEBUG Logger               - Closing Logger
