00:45:04.524 [main                     ] DEBUG Logger               - Configured Logger
00:45:04.544 [main                     ] DEBUG GameApplication      - Logging settings
Title: Restaurant simulator
Version: 0.0
Width: 1600
Height: 1600
Fullscreen: false
Intro: false
Profiling: false
Single step:false
App Mode: DEVELOPER
Menu Key: ESCAPE
Stage Style: DECORATED
Scene Factory: class com.almasb.fxgl.app.scene.SceneFactory

00:45:04.913 [JavaFX Application Thread] DEBUG FXGLApplication      - Initializing FXGL
00:45:04.917 [JavaFX Application Thread] INFO  Engine               - FXGL-17 (31.12.2021 18.16) on WINDOWS (J:17.0.12 FX:17.0.0.1)
00:45:04.917 [JavaFX Application Thread] DEBUG Engine               - JRE Vendor Name: Oracle Corporation
00:45:04.918 [JavaFX Application Thread] DEBUG Engine               - Running on OS: Windows 11 version 10.0
00:45:04.918 [JavaFX Application Thread] DEBUG Engine               - Architecture: amd64
00:45:04.918 [JavaFX Application Thread] INFO  Engine               - Source code and latest versions at: https://github.com/AlmasB/FXGL
00:45:04.918 [JavaFX Application Thread] INFO  Engine               -       Ask questions and discuss at: https://github.com/AlmasB/FXGL/discussions
00:45:04.918 [JavaFX Application Thread] INFO  Engine               -              Join the FXGL chat at: https://gitter.im/AlmasB/FXGL
00:45:05.007 [JavaFX Application Thread] DEBUG PrimaryStageWindow   - Creating a JavaFX scene
00:45:05.007 [JavaFX Application Thread] DEBUG PrimaryStageWindow   - Target size > screen size
00:45:05.042 [JavaFX Application Thread] DEBUG PrimaryStageWindow   - Target settings size: 1600.0 x 1600.0
00:45:05.042 [JavaFX Application Thread] DEBUG PrimaryStageWindow   - Scaled scene size:    1007.0 x 1032.0
00:45:05.042 [JavaFX Application Thread] DEBUG PrimaryStageWindow   - Scaled ratio: (0.629375, 0.645)
00:45:05.043 [JavaFX Application Thread] DEBUG PrimaryStageWindow   - Set initial scene to FXGLStartupScene
00:45:05.048 [JavaFX Application Thread] DEBUG PrimaryStageWindow   - Opening main window
00:45:05.111 [JavaFX Application Thread] DEBUG PrimaryStageWindow   - Window border size: (16.0, 39.0)
00:45:05.112 [JavaFX Application Thread] DEBUG PrimaryStageWindow   - Scaled size: 1007.0 x 1032.0
00:45:05.112 [JavaFX Application Thread] DEBUG PrimaryStageWindow   - Scaled ratio: (0.629375, 0.629375)
00:45:05.112 [JavaFX Application Thread] DEBUG PrimaryStageWindow   - Scene size: 1007.0 x 1032.0
00:45:05.112 [JavaFX Application Thread] DEBUG PrimaryStageWindow   - Stage size: 1023.0 x 1071.0
00:45:05.118 [FXGL Background Thread 1 ] DEBUG Engine               - Initializing environment variables
00:45:05.145 [FXGL Background Thread 1 ] DEBUG FXGLAssetLoaderServi - User app class for loading assets: class game.RestaurantSimulate
00:45:05.145 [FXGL Background Thread 1 ] DEBUG GameApplicationServi - Applying CSS: fxgl_dark.css
00:45:05.145 [FXGL Background Thread 1 ] DEBUG FXGLAssetLoaderServi - Loading from file system: jar:file:/C:/Users/aryma/.m2/repository/com/github/almasb/fxgl/17/fxgl-17.jar!/fxglassets/ui/css/fxgl_dark.css
00:45:05.175 [FXGL Background Thread 1 ] DEBUG GameApplicationServi - Initializing application scenes
00:45:05.209 [FXGL Background Thread 1 ] DEBUG GameWorld            - Game world initialized
00:45:05.253 [FXGL Background Thread 1 ] DEBUG PhysicsWorld         - Physics world initialized: appHeight=1600, physics.ppm=50.0
00:45:05.254 [FXGL Background Thread 1 ] DEBUG PhysicsWorld         - Using strategy: BRUTE_FORCE
00:45:05.258 [FXGL Background Thread 1 ] DEBUG GameScene            - Game scene initialized: 1600x1600
00:45:05.269 [FXGL Background Thread 1 ] DEBUG FXGL.DefaultMenu     - createMenuBodyMainMenu()
00:45:05.282 [FXGL Background Thread 1 ] DEBUG FXGL.DefaultMenu     - createOptionsMenu()
00:45:05.291 [FXGL Background Thread 1 ] DEBUG FXGLAssetLoaderServi - Loading from file system: jar:file:/C:/Users/aryma/.m2/repository/com/github/almasb/fxgl/17/fxgl-17.jar!/fxglassets/textures/particles/smoke.png
00:45:05.371 [FXGL Background Thread 1 ] DEBUG FXGLAssetLoaderServi - Loading from file system: jar:file:/C:/Users/aryma/.m2/repository/com/github/almasb/fxgl/17/fxgl-17.jar!/fxglassets/textures/particles/trace_horizontal.png
00:45:05.392 [FXGL Background Thread 1 ] DEBUG FXGL.DefaultMenu     - createMenuBodyGameMenu()
00:45:05.393 [FXGL Background Thread 1 ] DEBUG FXGL.DefaultMenu     - createOptionsMenu()
00:45:05.404 [FXGL Background Thread 1 ] DEBUG GameApplicationServi - Application scenes initialized
00:45:05.414 [FXGL Background Thread 1 ] DEBUG SystemBundleService  - Loading FXGL system data
00:45:05.417 [FXGL Background Thread 1 ] DEBUG FileSystemAccess     - Reading from: C:\Users\aryma\OneDrive\Escritorio\Simulador_restaurante-master\system\fxgl.bundle
00:45:05.422 [FXGL Background Thread 1 ] DEBUG SystemBundleService  - Bundle FXGL: {}
00:45:05.422 [FXGL Background Thread 1 ] DEBUG UpdaterService       - Checking for updates
00:45:05.425 [FXGL Background Thread 4 ] DEBUG FXGLApplication      - Loading fonts
00:45:05.426 [FXGL Background Thread 4 ] DEBUG FXGLAssetLoaderServi - Loading from file system: jar:file:/C:/Users/aryma/.m2/repository/com/github/almasb/fxgl/17/fxgl-17.jar!/fxglassets/ui/fonts/VarelaRound-Regular.ttf
00:45:05.426 [FXGL Background Thread 1 ] DEBUG FXGLApplication      - Loading default localization
00:45:05.426 [FXGL Background Thread 1 ] DEBUG FXGLAssetLoaderServi - Loading from file system: jar:file:/C:/Users/aryma/.m2/repository/com/github/almasb/fxgl/17/fxgl-17.jar!/fxglassets/languages/english.lang
00:45:05.462 [FXGL Background Thread 1 ] INFO  FXGLApplication      - FXGL initialization took: 0.344 sec
00:45:05.463 [JavaFX Application Thread] DEBUG FXGLAssetLoaderServi - Loading from file system: jar:file:/C:/Users/aryma/.m2/repository/com/github/almasb/fxgl/17/fxgl-17.jar!/fxglassets/textures/fxgl_icon.png
00:45:05.469 [FXGL Background Thread 4 ] DEBUG FXGLAssetLoaderServi - Loading from file system: jar:file:/C:/Users/aryma/.m2/repository/com/github/almasb/fxgl/17/fxgl-17.jar!/fxglassets/ui/fonts/Abel-Regular.ttf
00:45:05.472 [FXGL Background Thread 4 ] DEBUG FXGLAssetLoaderServi - Loading from file system: jar:file:/C:/Users/aryma/.m2/repository/com/github/almasb/fxgl/17/fxgl-17.jar!/fxglassets/ui/fonts/TerminalLandMono-Regular.otf
00:45:05.475 [FXGL Background Thread 4 ] DEBUG FXGLAssetLoaderServi - Loading from file system: jar:file:/C:/Users/aryma/.m2/repository/com/github/almasb/fxgl/17/fxgl-17.jar!/fxglassets/ui/fonts/Courier-Prime.ttf
00:45:05.483 [JavaFX Application Thread] DEBUG FXGLAssetLoaderServi - Loading from file system: jar:file:/C:/Users/aryma/.m2/repository/com/github/almasb/fxgl/17/fxgl-17.jar!/fxglassets/textures/fxgl_default_cursor.png
00:45:05.494 [JavaFX Application Thread] DEBUG Input                - Registered new binding: Screenshot - CTRL+8
00:45:05.495 [JavaFX Application Thread] DEBUG Input                - Registered new binding: System info dump - CTRL+9
00:45:05.496 [JavaFX Application Thread] DEBUG Input                - Registered new binding: Restart - CTRL+R
00:45:05.497 [JavaFX Application Thread] DEBUG Input                - Registered new binding: Toggle Debug Camera - CTRL+7
00:45:05.501 [JavaFX Application Thread] DEBUG LoopRunner           - Starting loop
00:45:05.501 [JavaFX Application Thread] DEBUG LoopRunner           - Initializing JavaFX AnimationTimerLoop
00:45:05.505 [JavaFX Application Thread] DEBUG Input                - Clearing active input actions
00:45:05.509 [JavaFX Application Thread] DEBUG GameApplicationServi - Removing overlay from FXGLStartupScene and adding to FXGLMainMenuDummyScene
00:45:05.510 [JavaFX Application Thread] DEBUG PrimaryStageWindow   - FXGLStartupScene -> FXGLMainMenuDummyScene
00:45:05.510 [JavaFX Application Thread] DEBUG PrimaryStageWindow   - Push state: FXGLDefaultMenu
00:45:05.521 [JavaFX Application Thread] DEBUG Input                - Clearing active input actions
00:45:05.535 [JavaFX Application Thread] DEBUG GameApplicationServi - Removing overlay from FXGLMainMenuDummyScene and adding to FXGLDefaultMenu
00:45:05.536 [JavaFX Application Thread] DEBUG PrimaryStageWindow   - FXGLMainMenuDummyScene -> FXGLDefaultMenu
00:45:05.536 [JavaFX Application Thread] DEBUG FXGLApplication      - Registering font factories with UI factory
00:45:05.922 [FXGL Background Thread 2 ] INFO  UpdaterService       - Your current version:  17
00:45:05.922 [FXGL Background Thread 2 ] INFO  UpdaterService       - Latest stable version: 21.1
00:45:08.425 [FXGL Background Thread 3 ] DEBUG Engine               - Logging environment variables
00:45:08.425 [FXGL Background Thread 3 ] DEBUG Engine               - achievements: []
00:45:08.425 [FXGL Background Thread 3 ] DEBUG Engine               - actualHeight: 1032.0
00:45:08.425 [FXGL Background Thread 3 ] DEBUG Engine               - actualHeightProperty: ReadOnlyDoubleProperty [value: 1032.0]
00:45:08.425 [FXGL Background Thread 3 ] DEBUG Engine               - actualWidth: 1007.0
00:45:08.426 [FXGL Background Thread 3 ] DEBUG Engine               - actualWidthProperty: ReadOnlyDoubleProperty [value: 1007.0]
00:45:08.426 [FXGL Background Thread 3 ] DEBUG Engine               - appIcon: fxgl_icon.png
00:45:08.426 [FXGL Background Thread 3 ] DEBUG Engine               - applicationMode: DEVELOPER
00:45:08.426 [FXGL Background Thread 3 ] DEBUG Engine               - cSSList: [fxgl_dark.css]
00:45:08.426 [FXGL Background Thread 3 ] DEBUG Engine               - collisionDetectionStrategy: BRUTE_FORCE
00:45:08.426 [FXGL Background Thread 3 ] DEBUG Engine               - configClass: Optional.empty
00:45:08.426 [FXGL Background Thread 3 ] DEBUG Engine               - credits: []
00:45:08.427 [FXGL Background Thread 3 ] DEBUG Engine               - defaultCursor: CursorInfo(imageName=fxgl_default_cursor.png, hotspotX=7.0, hotspotY=6.0)
00:45:08.427 [FXGL Background Thread 3 ] DEBUG Engine               - devBBoxColorProperty: ObjectProperty [value: 0xff0000ff]
00:45:08.427 [FXGL Background Thread 3 ] DEBUG Engine               - devEnableDebugCameraProperty: BooleanProperty [value: false]
00:45:08.427 [FXGL Background Thread 3 ] DEBUG Engine               - devSensorColorProperty: ObjectProperty [value: 0xffff00ff]
00:45:08.427 [FXGL Background Thread 3 ] DEBUG Engine               - devShowBBoxProperty: BooleanProperty [value: false]
00:45:08.427 [FXGL Background Thread 3 ] DEBUG Engine               - devShowPositionProperty: BooleanProperty [value: false]
00:45:08.427 [FXGL Background Thread 3 ] DEBUG Engine               - enabledMenuItems: []
00:45:08.427 [FXGL Background Thread 3 ] DEBUG Engine               - engineServices: [class com.almasb.fxgl.app.services.FXGLAssetLoaderService, class com.almasb.fxgl.app.FXGLApplication$GameApplicationService, class com.almasb.fxgl.app.services.FXGLDialogService, class com.almasb.fxgl.app.services.IOTaskExecutorService, class com.almasb.fxgl.io.FileSystemService, class com.almasb.fxgl.localization.LocalizationService, class com.almasb.fxgl.app.services.SystemBundleService, class com.almasb.fxgl.profile.SaveLoadService, class com.almasb.fxgl.ui.FXGLUIFactoryServiceProvider, class com.almasb.fxgl.ui.FXGLDialogFactoryServiceProvider, class com.almasb.fxgl.audio.AudioPlayer, class com.almasb.fxgl.notification.impl.NotificationServiceProvider, class com.almasb.fxgl.achievement.AchievementService, class com.almasb.fxgl.cutscene.CutsceneService, class com.almasb.fxgl.minigames.MiniGameService, class com.almasb.fxgl.net.NetService, class com.almasb.fxgl.app.services.UpdaterService, class com.almasb.fxgl.dev.DevService]
00:45:08.427 [FXGL Background Thread 3 ] DEBUG Engine               - fontGame: Abel-Regular.ttf
00:45:08.427 [FXGL Background Thread 3 ] DEBUG Engine               - fontMono: TerminalLandMono-Regular.otf
00:45:08.427 [FXGL Background Thread 3 ] DEBUG Engine               - fontText: Courier-Prime.ttf
00:45:08.427 [FXGL Background Thread 3 ] DEBUG Engine               - fontUI: VarelaRound-Regular.ttf
00:45:08.427 [FXGL Background Thread 3 ] DEBUG Engine               - fullScreen: BooleanProperty [value: false]
00:45:08.428 [FXGL Background Thread 3 ] DEBUG Engine               - gameDifficulty: MEDIUM
00:45:08.428 [FXGL Background Thread 3 ] DEBUG Engine               - gameDifficultyProperty: ObjectProperty [value: MEDIUM]
00:45:08.428 [FXGL Background Thread 3 ] DEBUG Engine               - globalMusicVolume: 0.5
00:45:08.428 [FXGL Background Thread 3 ] DEBUG Engine               - globalMusicVolumeProperty: DoubleProperty [value: 0.5]
00:45:08.428 [FXGL Background Thread 3 ] DEBUG Engine               - globalSoundVolume: 0.5
00:45:08.428 [FXGL Background Thread 3 ] DEBUG Engine               - globalSoundVolumeProperty: DoubleProperty [value: 0.5]
00:45:08.428 [FXGL Background Thread 3 ] DEBUG Engine               - height: 1600
00:45:08.428 [FXGL Background Thread 3 ] DEBUG Engine               - is3D: false
00:45:08.428 [FXGL Background Thread 3 ] DEBUG Engine               - isAndroid: false
00:45:08.428 [FXGL Background Thread 3 ] DEBUG Engine               - isBrowser: false
00:45:08.428 [FXGL Background Thread 3 ] DEBUG Engine               - isClickFeedbackEnabled: false
00:45:08.428 [FXGL Background Thread 3 ] DEBUG Engine               - isCloseConfirmation: false
00:45:08.428 [FXGL Background Thread 3 ] DEBUG Engine               - isDesktop: true
00:45:08.428 [FXGL Background Thread 3 ] DEBUG Engine               - isDeveloperMenuEnabled: false
00:45:08.428 [FXGL Background Thread 3 ] DEBUG Engine               - isEmbedded: false
00:45:08.428 [FXGL Background Thread 3 ] DEBUG Engine               - isEntityPreloadEnabled: true
00:45:08.428 [FXGL Background Thread 3 ] DEBUG Engine               - isExperimentalTiledLargeMap: false
00:45:08.428 [FXGL Background Thread 3 ] DEBUG Engine               - isFileSystemWriteAllowed: true
00:45:08.429 [FXGL Background Thread 3 ] DEBUG Engine               - isFullScreenAllowed: false
00:45:08.429 [FXGL Background Thread 3 ] DEBUG Engine               - isFullScreenFromStart: false
00:45:08.429 [FXGL Background Thread 3 ] DEBUG Engine               - isGameMenuEnabled: true
00:45:08.429 [FXGL Background Thread 3 ] DEBUG Engine               - isIOS: false
00:45:08.429 [FXGL Background Thread 3 ] DEBUG Engine               - isIntroEnabled: false
00:45:08.429 [FXGL Background Thread 3 ] DEBUG Engine               - isLinux: false
00:45:08.429 [FXGL Background Thread 3 ] DEBUG Engine               - isMac: false
00:45:08.429 [FXGL Background Thread 3 ] DEBUG Engine               - isMainMenuEnabled: true
00:45:08.429 [FXGL Background Thread 3 ] DEBUG Engine               - isManualResizeEnabled: true
00:45:08.429 [FXGL Background Thread 3 ] DEBUG Engine               - isMobile: false
00:45:08.429 [FXGL Background Thread 3 ] DEBUG Engine               - isNative: false
00:45:08.429 [FXGL Background Thread 3 ] DEBUG Engine               - isPauseMusicWhenMinimized: true
00:45:08.429 [FXGL Background Thread 3 ] DEBUG Engine               - isPreserveResizeRatio: true
00:45:08.429 [FXGL Background Thread 3 ] DEBUG Engine               - isProfilingEnabled: false
00:45:08.429 [FXGL Background Thread 3 ] DEBUG Engine               - isScaleAffectedOnResize: true
00:45:08.429 [FXGL Background Thread 3 ] DEBUG Engine               - isSingleStep: false
00:45:08.429 [FXGL Background Thread 3 ] DEBUG Engine               - isUserProfileEnabled: false
00:45:08.429 [FXGL Background Thread 3 ] DEBUG Engine               - isWindows: true
00:45:08.429 [FXGL Background Thread 3 ] DEBUG Engine               - language: ObjectProperty [value: ENGLISH]
00:45:08.429 [FXGL Background Thread 3 ] DEBUG Engine               - menuKey: ESCAPE
00:45:08.430 [FXGL Background Thread 3 ] DEBUG Engine               - mouseSensitivity: 0.2
00:45:08.430 [FXGL Background Thread 3 ] DEBUG Engine               - notificationViewClass: class com.almasb.fxgl.notification.view.XboxNotificationView
00:45:08.430 [FXGL Background Thread 3 ] DEBUG Engine               - pixelsPerMeter: 50.0
00:45:08.430 [FXGL Background Thread 3 ] DEBUG Engine               - platform: WINDOWS
00:45:08.430 [FXGL Background Thread 3 ] DEBUG Engine               - prefHeightProperty: ReadOnlyDoubleProperty [value: 1600.0]
00:45:08.430 [FXGL Background Thread 3 ] DEBUG Engine               - prefWidthProperty: ReadOnlyDoubleProperty [value: 1600.0]
00:45:08.430 [FXGL Background Thread 3 ] DEBUG Engine               - profileDir: profiles/
00:45:08.430 [FXGL Background Thread 3 ] DEBUG Engine               - profileName: StringProperty [value: DEFAULT]
00:45:08.430 [FXGL Background Thread 3 ] DEBUG Engine               - randomSeed: -1
00:45:08.430 [FXGL Background Thread 3 ] DEBUG Engine               - runtimeInfo: RuntimeInfo(platform=WINDOWS, version=17, build=31.12.2021 18.16)
00:45:08.430 [FXGL Background Thread 3 ] DEBUG Engine               - saveFileExt: sav
00:45:08.430 [FXGL Background Thread 3 ] DEBUG Engine               - scaledHeightProp$fxgl: DoubleProperty [bound, value: 1032.0]
00:45:08.430 [FXGL Background Thread 3 ] DEBUG Engine               - scaledWidthProp$fxgl: DoubleProperty [bound, value: 1007.0]
00:45:08.430 [FXGL Background Thread 3 ] DEBUG Engine               - sceneFactory: com.almasb.fxgl.app.scene.SceneFactory@3e3b89ee
00:45:08.430 [FXGL Background Thread 3 ] DEBUG Engine               - secondsIn24h: 60
00:45:08.430 [FXGL Background Thread 3 ] DEBUG Engine               - soundMenuBack: menu/back.wav
00:45:08.430 [FXGL Background Thread 3 ] DEBUG Engine               - soundMenuPress: menu/press.wav
00:45:08.430 [FXGL Background Thread 3 ] DEBUG Engine               - soundMenuSelect: menu/select.wav
00:45:08.430 [FXGL Background Thread 3 ] DEBUG Engine               - soundNotification: core/notification.wav
00:45:08.430 [FXGL Background Thread 3 ] DEBUG Engine               - stageStyle: DECORATED
00:45:08.430 [FXGL Background Thread 3 ] DEBUG Engine               - supportedLanguages: [ENGLISH, FRENCH, GERMAN, HUNGARIAN, RUSSIAN]
00:45:08.430 [FXGL Background Thread 3 ] DEBUG Engine               - ticksPerSecond: -1
00:45:08.431 [FXGL Background Thread 3 ] DEBUG Engine               - title: Restaurant simulator
00:45:08.431 [FXGL Background Thread 3 ] DEBUG Engine               - urlGithub: https://github.com/AlmasB/FXGL
00:45:08.431 [FXGL Background Thread 3 ] DEBUG Engine               - urlLeaderboard: http://fxgl-top.herokuapp.com/
00:45:08.431 [FXGL Background Thread 3 ] DEBUG Engine               - urlPOM: https://raw.githubusercontent.com/AlmasB/FXGL/release/README.md
00:45:08.431 [FXGL Background Thread 3 ] DEBUG Engine               - userAppClass: class game.RestaurantSimulate
00:45:08.431 [FXGL Background Thread 3 ] DEBUG Engine               - version: 0.0
00:45:08.431 [FXGL Background Thread 3 ] DEBUG Engine               - versionCheckDays: 7
00:45:08.431 [FXGL Background Thread 3 ] DEBUG Engine               - width: 1600
00:45:08.431 [FXGL Background Thread 3 ] DEBUG Engine               - Logging services
00:45:08.431 [FXGL Background Thread 3 ] DEBUG Engine               - class com.almasb.fxgl.app.services.FXGLAssetLoaderService
00:45:08.431 [FXGL Background Thread 3 ] DEBUG Engine               - class com.almasb.fxgl.app.FXGLApplication$GameApplicationService
00:45:08.431 [FXGL Background Thread 3 ] DEBUG Engine               - class com.almasb.fxgl.app.services.FXGLDialogService
00:45:08.431 [FXGL Background Thread 3 ] DEBUG Engine               - class com.almasb.fxgl.app.services.IOTaskExecutorService
00:45:08.431 [FXGL Background Thread 3 ] DEBUG Engine               - class com.almasb.fxgl.io.FileSystemService
00:45:08.431 [FXGL Background Thread 3 ] DEBUG Engine               - class com.almasb.fxgl.localization.LocalizationService
00:45:08.431 [FXGL Background Thread 3 ] DEBUG Engine               - class com.almasb.fxgl.app.services.SystemBundleService
00:45:08.431 [FXGL Background Thread 3 ] DEBUG Engine               - class com.almasb.fxgl.profile.SaveLoadService
00:45:08.431 [FXGL Background Thread 3 ] DEBUG Engine               - class com.almasb.fxgl.ui.FXGLUIFactoryServiceProvider
00:45:08.431 [FXGL Background Thread 3 ] DEBUG Engine               - class com.almasb.fxgl.ui.FXGLDialogFactoryServiceProvider
00:45:08.431 [FXGL Background Thread 3 ] DEBUG Engine               - class com.almasb.fxgl.audio.AudioPlayer
00:45:08.431 [FXGL Background Thread 3 ] DEBUG Engine               - class com.almasb.fxgl.notification.impl.NotificationServiceProvider
00:45:08.431 [FXGL Background Thread 3 ] DEBUG Engine               - class com.almasb.fxgl.achievement.AchievementService
00:45:08.431 [FXGL Background Thread 3 ] DEBUG Engine               - class com.almasb.fxgl.cutscene.CutsceneService
00:45:08.431 [FXGL Background Thread 3 ] DEBUG Engine               - class com.almasb.fxgl.minigames.MiniGameService
00:45:08.431 [FXGL Background Thread 3 ] DEBUG Engine               - class com.almasb.fxgl.net.NetService
00:45:08.431 [FXGL Background Thread 3 ] DEBUG Engine               - class com.almasb.fxgl.app.services.UpdaterService
00:45:08.431 [FXGL Background Thread 3 ] DEBUG Engine               - class com.almasb.fxgl.dev.DevService
00:45:08.815 [JavaFX Application Thread] DEBUG Menu                 - fireNewGame()
00:45:08.816 [JavaFX Application Thread] DEBUG GameApplicationServi - Starting new game
00:45:08.817 [JavaFX Application Thread] DEBUG PrimaryStageWindow   - Pop state: FXGLDefaultMenu
00:45:08.817 [JavaFX Application Thread] DEBUG Input                - Clearing active input actions
00:45:08.818 [JavaFX Application Thread] DEBUG GameApplicationServi - Removing overlay from FXGLDefaultMenu and adding to FXGLMainMenuDummyScene
00:45:08.818 [JavaFX Application Thread] DEBUG PrimaryStageWindow   - FXGLMainMenuDummyScene <- FXGLDefaultMenu
00:45:08.819 [JavaFX Application Thread] DEBUG Input                - Clearing active input actions
00:45:08.825 [JavaFX Application Thread] DEBUG GameApplicationServi - Removing overlay from FXGLMainMenuDummyScene and adding to FXGLLoadingScene
00:45:08.825 [JavaFX Application Thread] DEBUG PrimaryStageWindow   - FXGLMainMenuDummyScene -> FXGLLoadingScene
00:45:08.825 [JavaFX Application Thread] DEBUG GameApplicationServi - Clearing previous game
00:45:08.825 [JavaFX Application Thread] DEBUG GameScene            - Clearing game scene
00:45:08.825 [JavaFX Application Thread] DEBUG GameWorld            - Clearing game world
00:45:08.825 [JavaFX Application Thread] DEBUG PhysicsWorld         - Clearing physics world
00:45:08.827 [FXGL Background Thread 2 ] DEBUG FXGLApplication      - Initializing game
00:45:08.832 [FXGL Background Thread 2 ] DEBUG FXGLAssetLoaderServi - Loading from file system: file:/C:/Users/aryma/OneDrive/Escritorio/Simulador_restaurante-master/target/classes/assets/textures/restaurant.png
00:45:08.906 [FXGL Background Thread 2 ] INFO  FXGLApplication      - Game initialization took: 0.079 sec
00:45:08.914 [JavaFX Application Thread] DEBUG Input                - Clearing active input actions
00:45:08.918 [JavaFX Application Thread] DEBUG GameApplicationServi - Removing overlay from FXGLLoadingScene and adding to GameScene
00:45:08.919 [JavaFX Application Thread] DEBUG PrimaryStageWindow   - FXGLLoadingScene -> GameScene
00:45:10.585 [JavaFX Application Thread] DEBUG FXGLAssetLoaderServi - Loading from file system: file:/C:/Users/aryma/OneDrive/Escritorio/Simulador_restaurante-master/target/classes/assets/textures/player.png
00:45:10.588 [JavaFX Application Thread] WARN  GameWorld            - Entity is already attached to world
00:45:11.032 [JavaFX Application Thread] WARN  GameWorld            - Entity is already attached to world
00:45:11.383 [JavaFX Application Thread] WARN  GameWorld            - Entity is already attached to world
00:45:13.479 [JavaFX Application Thread] WARN  GameWorld            - Entity is already attached to world
00:45:14.343 [JavaFX Application Thread] WARN  GameWorld            - Entity is already attached to world
00:45:14.472 [JavaFX Application Thread] WARN  GameWorld            - Entity is already attached to world
00:45:14.631 [JavaFX Application Thread] WARN  GameWorld            - Entity is already attached to world
00:45:15.063 [JavaFX Application Thread] WARN  GameWorld            - Entity is already attached to world
00:45:18.919 [JavaFX Application Thread] WARN  GameWorld            - Entity is already attached to world
00:45:20.872 [JavaFX Application Thread] DEBUG FXGLApplication      - Exiting FXGL
00:45:20.872 [JavaFX Application Thread] DEBUG LoopRunner           - Stopping loop
00:45:20.872 [JavaFX Application Thread] DEBUG SystemBundleService  - Saving FXGL system data
00:45:20.873 [JavaFX Application Thread] DEBUG FileSystemAccess     - Writing to: C:\Users\aryma\OneDrive\Escritorio\Simulador_restaurante-master\system\fxgl.bundle
00:45:20.874 [JavaFX Application Thread] DEBUG Async                - Shutting down background threads
00:45:20.875 [JavaFX Application Thread] DEBUG PrimaryStageWindow   - Closing main window
00:45:20.885 [JavaFX Application Thread] DEBUG Logger               - Closing Logger
